mode: set
github.com/ESGI-M2/GO/dialect/mysql.go:27.38,29.2 1 0
github.com/ESGI-M2/GO/dialect/mysql.go:32.20,35.35 2 0
github.com/ESGI-M2/GO/dialect/mysql.go:35.35,36.48 1 0
github.com/ESGI-M2/GO/dialect/mysql.go:36.48,37.9 1 0
github.com/ESGI-M2/GO/dialect/mysql.go:44.63,50.55 3 0
github.com/ESGI-M2/GO/dialect/mysql.go:50.55,51.50 1 0
github.com/ESGI-M2/GO/dialect/mysql.go:51.50,53.4 1 0
github.com/ESGI-M2/GO/dialect/mysql.go:56.2,62.3 1 0
github.com/ESGI-M2/GO/dialect/mysql.go:66.74,74.16 4 0
github.com/ESGI-M2/GO/dialect/mysql.go:74.16,76.3 1 0
github.com/ESGI-M2/GO/dialect/mysql.go:78.2,79.16 2 0
github.com/ESGI-M2/GO/dialect/mysql.go:79.16,81.3 1 0
github.com/ESGI-M2/GO/dialect/mysql.go:83.2,84.16 2 0
github.com/ESGI-M2/GO/dialect/mysql.go:84.16,86.3 1 0
github.com/ESGI-M2/GO/dialect/mysql.go:88.2,89.20 2 0
github.com/ESGI-M2/GO/dialect/mysql.go:89.20,91.3 1 0
github.com/ESGI-M2/GO/dialect/mysql.go:93.2,94.15 2 0
github.com/ESGI-M2/GO/dialect/mysql.go:94.15,96.3 1 0
github.com/ESGI-M2/GO/dialect/mysql.go:98.2,102.16 3 0
github.com/ESGI-M2/GO/dialect/mysql.go:102.16,104.3 1 0
github.com/ESGI-M2/GO/dialect/mysql.go:107.2,112.33 4 0
github.com/ESGI-M2/GO/dialect/mysql.go:112.33,114.3 1 0
github.com/ESGI-M2/GO/dialect/mysql.go:116.2,117.12 2 0
github.com/ESGI-M2/GO/dialect/mysql.go:121.38,122.17 1 0
github.com/ESGI-M2/GO/dialect/mysql.go:122.17,124.3 1 0
github.com/ESGI-M2/GO/dialect/mysql.go:125.2,125.12 1 0
github.com/ESGI-M2/GO/dialect/mysql.go:129.37,130.17 1 0
github.com/ESGI-M2/GO/dialect/mysql.go:130.17,132.3 1 0
github.com/ESGI-M2/GO/dialect/mysql.go:133.2,133.20 1 0
github.com/ESGI-M2/GO/dialect/mysql.go:137.84,138.17 1 0
github.com/ESGI-M2/GO/dialect/mysql.go:138.17,140.3 1 0
github.com/ESGI-M2/GO/dialect/mysql.go:141.2,141.34 1 0
github.com/ESGI-M2/GO/dialect/mysql.go:145.84,146.17 1 0
github.com/ESGI-M2/GO/dialect/mysql.go:146.17,148.3 1 0
github.com/ESGI-M2/GO/dialect/mysql.go:149.2,149.35 1 0
github.com/ESGI-M2/GO/dialect/mysql.go:153.77,154.17 1 0
github.com/ESGI-M2/GO/dialect/mysql.go:154.17,156.3 1 0
github.com/ESGI-M2/GO/dialect/mysql.go:157.2,157.38 1 0
github.com/ESGI-M2/GO/dialect/mysql.go:161.64,162.17 1 0
github.com/ESGI-M2/GO/dialect/mysql.go:162.17,164.3 1 0
github.com/ESGI-M2/GO/dialect/mysql.go:165.2,166.16 2 0
github.com/ESGI-M2/GO/dialect/mysql.go:166.16,168.3 1 0
github.com/ESGI-M2/GO/dialect/mysql.go:169.2,169.39 1 0
github.com/ESGI-M2/GO/dialect/mysql.go:173.106,174.17 1 0
github.com/ESGI-M2/GO/dialect/mysql.go:174.17,176.3 1 0
github.com/ESGI-M2/GO/dialect/mysql.go:177.2,178.16 2 0
github.com/ESGI-M2/GO/dialect/mysql.go:178.16,180.3 1 0
github.com/ESGI-M2/GO/dialect/mysql.go:181.2,181.39 1 0
github.com/ESGI-M2/GO/dialect/mysql.go:185.89,188.30 2 0
github.com/ESGI-M2/GO/dialect/mysql.go:188.30,191.3 2 0
github.com/ESGI-M2/GO/dialect/mysql.go:193.2,197.12 3 0
github.com/ESGI-M2/GO/dialect/mysql.go:201.58,205.2 3 0
github.com/ESGI-M2/GO/dialect/mysql.go:208.68,213.2 4 0
github.com/ESGI-M2/GO/dialect/mysql.go:216.63,217.23 1 0
github.com/ESGI-M2/GO/dialect/mysql.go:218.63,219.15 1 0
github.com/ESGI-M2/GO/dialect/mysql.go:220.21,221.18 1 0
github.com/ESGI-M2/GO/dialect/mysql.go:222.67,223.24 1 0
github.com/ESGI-M2/GO/dialect/mysql.go:224.22,225.27 1 0
github.com/ESGI-M2/GO/dialect/mysql.go:226.23,227.17 1 0
github.com/ESGI-M2/GO/dialect/mysql.go:228.23,229.18 1 0
github.com/ESGI-M2/GO/dialect/mysql.go:230.22,231.24 1 0
github.com/ESGI-M2/GO/dialect/mysql.go:232.20,233.22 1 0
github.com/ESGI-M2/GO/dialect/mysql.go:234.22,235.44 1 0
github.com/ESGI-M2/GO/dialect/mysql.go:235.44,237.4 1 0
github.com/ESGI-M2/GO/dialect/mysql.go:238.3,238.16 1 0
github.com/ESGI-M2/GO/dialect/mysql.go:239.21,240.44 1 0
github.com/ESGI-M2/GO/dialect/mysql.go:240.44,242.4 1 0
github.com/ESGI-M2/GO/dialect/mysql.go:243.3,243.16 1 0
github.com/ESGI-M2/GO/dialect/mysql.go:244.10,245.16 1 0
github.com/ESGI-M2/GO/dialect/mysql.go:250.57,252.2 1 0
github.com/ESGI-M2/GO/dialect/mysql.go:255.67,257.2 1 0
github.com/ESGI-M2/GO/dialect/mysql.go:260.51,262.2 1 0
github.com/ESGI-M2/GO/dialect/mysql.go:265.49,267.2 1 0
github.com/ESGI-M2/GO/dialect/mysql.go:270.48,272.2 1 0
github.com/ESGI-M2/GO/dialect/mysql.go:275.76,280.99 3 0
github.com/ESGI-M2/GO/dialect/mysql.go:280.99,282.3 1 0
github.com/ESGI-M2/GO/dialect/mysql.go:283.2,286.19 2 0
github.com/ESGI-M2/GO/dialect/mysql.go:286.19,288.3 1 0
github.com/ESGI-M2/GO/dialect/mysql.go:291.2,291.23 1 0
github.com/ESGI-M2/GO/dialect/mysql.go:291.23,293.3 1 0
github.com/ESGI-M2/GO/dialect/mysql.go:296.2,296.24 1 0
github.com/ESGI-M2/GO/dialect/mysql.go:296.24,298.50 2 0
github.com/ESGI-M2/GO/dialect/mysql.go:298.50,300.4 1 0
github.com/ESGI-M2/GO/dialect/mysql.go:301.3,301.63 1 0
github.com/ESGI-M2/GO/dialect/mysql.go:305.2,305.20 1 0
github.com/ESGI-M2/GO/dialect/mysql.go:305.20,307.3 1 0
github.com/ESGI-M2/GO/dialect/mysql.go:310.2,310.16 1 0
github.com/ESGI-M2/GO/dialect/mysql.go:310.16,312.3 1 0
github.com/ESGI-M2/GO/dialect/mysql.go:315.2,315.27 1 0
github.com/ESGI-M2/GO/dialect/mysql.go:315.27,319.36 2 0
github.com/ESGI-M2/GO/dialect/mysql.go:319.36,321.4 1 0
github.com/ESGI-M2/GO/dialect/mysql.go:322.3,322.36 1 0
github.com/ESGI-M2/GO/dialect/mysql.go:322.36,324.4 1 0
github.com/ESGI-M2/GO/dialect/mysql.go:326.3,326.31 1 0
github.com/ESGI-M2/GO/dialect/mysql.go:329.2,329.33 1 0
github.com/ESGI-M2/GO/dialect/mysql.go:338.44,340.2 1 0
github.com/ESGI-M2/GO/dialect/mysql.go:343.46,345.2 1 0
github.com/ESGI-M2/GO/dialect/mysql.go:348.89,350.2 1 0
github.com/ESGI-M2/GO/dialect/mysql.go:353.89,355.2 1 0
github.com/ESGI-M2/GO/dialect/mysql.go:358.82,360.2 1 0
github.com/ESGI-M2/GO/dialect/mysql.go:366.18,379.48 4 0
github.com/ESGI-M2/GO/dialect/mysql.go:379.48,381.3 1 0
github.com/ESGI-M2/GO/dialect/mysql.go:384.2,384.17 1 0
github.com/ESGI-M2/GO/dialect/postgres.go:25.44,27.2 1 0
github.com/ESGI-M2/GO/dialect/postgres.go:30.28,32.35 2 0
github.com/ESGI-M2/GO/dialect/postgres.go:32.35,33.48 1 0
github.com/ESGI-M2/GO/dialect/postgres.go:33.48,34.9 1 0
github.com/ESGI-M2/GO/dialect/postgres.go:40.71,43.58 3 0
github.com/ESGI-M2/GO/dialect/postgres.go:43.58,44.50 1 0
github.com/ESGI-M2/GO/dialect/postgres.go:44.50,46.4 1 0
github.com/ESGI-M2/GO/dialect/postgres.go:48.2,54.3 1 0
github.com/ESGI-M2/GO/dialect/postgres.go:58.77,62.16 4 0
github.com/ESGI-M2/GO/dialect/postgres.go:62.16,64.3 1 0
github.com/ESGI-M2/GO/dialect/postgres.go:65.2,66.16 2 0
github.com/ESGI-M2/GO/dialect/postgres.go:66.16,68.3 1 0
github.com/ESGI-M2/GO/dialect/postgres.go:69.2,70.16 2 0
github.com/ESGI-M2/GO/dialect/postgres.go:70.16,72.3 1 0
github.com/ESGI-M2/GO/dialect/postgres.go:73.2,74.20 2 0
github.com/ESGI-M2/GO/dialect/postgres.go:74.20,76.3 1 0
github.com/ESGI-M2/GO/dialect/postgres.go:77.2,78.15 2 0
github.com/ESGI-M2/GO/dialect/postgres.go:78.15,79.59 1 0
github.com/ESGI-M2/GO/dialect/postgres.go:79.59,80.51 1 0
github.com/ESGI-M2/GO/dialect/postgres.go:80.51,82.5 1 0
github.com/ESGI-M2/GO/dialect/postgres.go:83.9,85.4 1 0
github.com/ESGI-M2/GO/dialect/postgres.go:87.2,90.16 3 0
github.com/ESGI-M2/GO/dialect/postgres.go:90.16,92.3 1 0
github.com/ESGI-M2/GO/dialect/postgres.go:93.2,96.33 4 0
github.com/ESGI-M2/GO/dialect/postgres.go:96.33,98.3 1 0
github.com/ESGI-M2/GO/dialect/postgres.go:99.2,100.12 2 0
github.com/ESGI-M2/GO/dialect/postgres.go:103.41,104.17 1 0
github.com/ESGI-M2/GO/dialect/postgres.go:104.17,106.3 1 0
github.com/ESGI-M2/GO/dialect/postgres.go:107.2,107.12 1 0
github.com/ESGI-M2/GO/dialect/postgres.go:110.40,111.17 1 0
github.com/ESGI-M2/GO/dialect/postgres.go:111.17,113.3 1 0
github.com/ESGI-M2/GO/dialect/postgres.go:114.2,114.20 1 0
github.com/ESGI-M2/GO/dialect/postgres.go:117.87,118.17 1 0
github.com/ESGI-M2/GO/dialect/postgres.go:118.17,120.3 1 0
github.com/ESGI-M2/GO/dialect/postgres.go:121.2,121.34 1 0
github.com/ESGI-M2/GO/dialect/postgres.go:124.87,125.17 1 0
github.com/ESGI-M2/GO/dialect/postgres.go:125.17,127.3 1 0
github.com/ESGI-M2/GO/dialect/postgres.go:128.2,128.35 1 0
github.com/ESGI-M2/GO/dialect/postgres.go:131.80,132.17 1 0
github.com/ESGI-M2/GO/dialect/postgres.go:132.17,134.3 1 0
github.com/ESGI-M2/GO/dialect/postgres.go:135.2,135.38 1 0
github.com/ESGI-M2/GO/dialect/postgres.go:138.67,139.17 1 0
github.com/ESGI-M2/GO/dialect/postgres.go:139.17,141.3 1 0
github.com/ESGI-M2/GO/dialect/postgres.go:142.2,143.16 2 0
github.com/ESGI-M2/GO/dialect/postgres.go:143.16,145.3 1 0
github.com/ESGI-M2/GO/dialect/postgres.go:146.2,146.42 1 0
github.com/ESGI-M2/GO/dialect/postgres.go:149.109,150.17 1 0
github.com/ESGI-M2/GO/dialect/postgres.go:150.17,152.3 1 0
github.com/ESGI-M2/GO/dialect/postgres.go:153.2,154.16 2 0
github.com/ESGI-M2/GO/dialect/postgres.go:154.16,156.3 1 0
github.com/ESGI-M2/GO/dialect/postgres.go:157.2,157.42 1 0
github.com/ESGI-M2/GO/dialect/postgres.go:160.92,162.30 2 0
github.com/ESGI-M2/GO/dialect/postgres.go:162.30,165.3 2 0
github.com/ESGI-M2/GO/dialect/postgres.go:166.2,169.12 3 0
github.com/ESGI-M2/GO/dialect/postgres.go:172.61,176.2 3 0
github.com/ESGI-M2/GO/dialect/postgres.go:178.71,183.2 4 0
github.com/ESGI-M2/GO/dialect/postgres.go:185.66,186.23 1 0
github.com/ESGI-M2/GO/dialect/postgres.go:187.63,188.19 1 0
github.com/ESGI-M2/GO/dialect/postgres.go:189.21,190.18 1 0
github.com/ESGI-M2/GO/dialect/postgres.go:191.67,192.19 1 0
github.com/ESGI-M2/GO/dialect/postgres.go:193.22,194.18 1 0
github.com/ESGI-M2/GO/dialect/postgres.go:195.23,196.16 1 0
github.com/ESGI-M2/GO/dialect/postgres.go:197.23,198.28 1 0
github.com/ESGI-M2/GO/dialect/postgres.go:199.22,200.24 1 0
github.com/ESGI-M2/GO/dialect/postgres.go:201.20,202.19 1 0
github.com/ESGI-M2/GO/dialect/postgres.go:203.22,204.44 1 0
github.com/ESGI-M2/GO/dialect/postgres.go:204.44,206.4 1 0
github.com/ESGI-M2/GO/dialect/postgres.go:207.3,207.16 1 0
github.com/ESGI-M2/GO/dialect/postgres.go:208.21,209.44 1 0
github.com/ESGI-M2/GO/dialect/postgres.go:209.44,211.4 1 0
github.com/ESGI-M2/GO/dialect/postgres.go:212.3,212.16 1 0
github.com/ESGI-M2/GO/dialect/postgres.go:213.10,214.16 1 0
github.com/ESGI-M2/GO/dialect/postgres.go:218.60,220.2 1 0
github.com/ESGI-M2/GO/dialect/postgres.go:222.70,224.2 1 0
github.com/ESGI-M2/GO/dialect/postgres.go:226.54,228.2 1 0
github.com/ESGI-M2/GO/dialect/postgres.go:230.52,232.2 1 0
github.com/ESGI-M2/GO/dialect/postgres.go:234.51,236.2 1 0
github.com/ESGI-M2/GO/dialect/postgres.go:238.79,243.23 3 0
github.com/ESGI-M2/GO/dialect/postgres.go:243.23,245.27 1 0
github.com/ESGI-M2/GO/dialect/postgres.go:245.27,247.4 1 0
github.com/ESGI-M2/GO/dialect/postgres.go:247.9,249.4 1 0
github.com/ESGI-M2/GO/dialect/postgres.go:250.8,252.100 2 0
github.com/ESGI-M2/GO/dialect/postgres.go:252.100,254.4 1 0
github.com/ESGI-M2/GO/dialect/postgres.go:257.2,258.19 2 0
github.com/ESGI-M2/GO/dialect/postgres.go:258.19,260.3 1 0
github.com/ESGI-M2/GO/dialect/postgres.go:261.2,261.24 1 0
github.com/ESGI-M2/GO/dialect/postgres.go:261.24,263.50 2 0
github.com/ESGI-M2/GO/dialect/postgres.go:263.50,265.4 1 0
github.com/ESGI-M2/GO/dialect/postgres.go:266.3,266.63 1 0
github.com/ESGI-M2/GO/dialect/postgres.go:268.2,268.20 1 0
github.com/ESGI-M2/GO/dialect/postgres.go:268.20,270.3 1 0
github.com/ESGI-M2/GO/dialect/postgres.go:271.2,271.16 1 0
github.com/ESGI-M2/GO/dialect/postgres.go:271.16,273.3 1 0
github.com/ESGI-M2/GO/dialect/postgres.go:274.2,274.27 1 0
github.com/ESGI-M2/GO/dialect/postgres.go:274.27,277.36 2 0
github.com/ESGI-M2/GO/dialect/postgres.go:277.36,279.4 1 0
github.com/ESGI-M2/GO/dialect/postgres.go:280.3,280.36 1 0
github.com/ESGI-M2/GO/dialect/postgres.go:280.36,282.4 1 0
github.com/ESGI-M2/GO/dialect/postgres.go:283.3,283.31 1 0
github.com/ESGI-M2/GO/dialect/postgres.go:285.2,285.33 1 0
github.com/ESGI-M2/GO/dialect/postgres.go:293.47,295.2 1 0
github.com/ESGI-M2/GO/dialect/postgres.go:297.49,299.2 1 0
github.com/ESGI-M2/GO/dialect/postgres.go:301.92,303.2 1 0
github.com/ESGI-M2/GO/dialect/postgres.go:305.92,307.2 1 0
github.com/ESGI-M2/GO/dialect/postgres.go:309.85,311.2 1 0
github.com/ESGI-M2/GO/orm/orm.go:13.42,15.2 1 0
github.com/ESGI-M2/GO/orm/orm.go:18.25,20.2 1 0
github.com/ESGI-M2/GO/orm/orm.go:23.28,25.2 1 0
github.com/ESGI-M2/GO/orm/orm.go:29.52,31.2 1 0
github.com/ESGI-M2/GO/orm/orm.go:35.60,37.2 1 0
github.com/ESGI-M2/GO/orm/builder/config_builder.go:22.40,32.2 1 0
github.com/ESGI-M2/GO/orm/builder/config_builder.go:35.86,39.21 2 0
github.com/ESGI-M2/GO/orm/builder/config_builder.go:40.21,41.52 1 0
github.com/ESGI-M2/GO/orm/builder/config_builder.go:41.52,43.4 1 0
github.com/ESGI-M2/GO/orm/builder/config_builder.go:44.44,45.52 1 0
github.com/ESGI-M2/GO/orm/builder/config_builder.go:45.52,47.4 1 0
github.com/ESGI-M2/GO/orm/builder/config_builder.go:50.2,50.11 1 0
github.com/ESGI-M2/GO/orm/builder/config_builder.go:54.63,57.2 2 0
github.com/ESGI-M2/GO/orm/builder/config_builder.go:60.60,63.2 2 0
github.com/ESGI-M2/GO/orm/builder/config_builder.go:66.71,69.2 2 0
github.com/ESGI-M2/GO/orm/builder/config_builder.go:72.71,75.2 2 0
github.com/ESGI-M2/GO/orm/builder/config_builder.go:78.71,81.2 2 0
github.com/ESGI-M2/GO/orm/builder/config_builder.go:84.84,88.2 3 0
github.com/ESGI-M2/GO/orm/builder/config_builder.go:91.82,95.2 3 0
github.com/ESGI-M2/GO/orm/builder/config_builder.go:98.85,101.2 2 0
github.com/ESGI-M2/GO/orm/builder/config_builder.go:104.66,107.2 2 0
github.com/ESGI-M2/GO/orm/builder/config_builder.go:110.73,111.24 1 0
github.com/ESGI-M2/GO/orm/builder/config_builder.go:111.24,113.3 1 0
github.com/ESGI-M2/GO/orm/builder/config_builder.go:115.2,115.35 1 0
github.com/ESGI-M2/GO/orm/builder/config_builder.go:115.35,116.48 1 0
github.com/ESGI-M2/GO/orm/builder/config_builder.go:116.48,118.9 2 0
github.com/ESGI-M2/GO/orm/builder/config_builder.go:122.2,122.11 1 0
github.com/ESGI-M2/GO/orm/builder/config_builder.go:126.51,127.19 1 0
github.com/ESGI-M2/GO/orm/builder/config_builder.go:127.19,129.3 1 0
github.com/ESGI-M2/GO/orm/builder/config_builder.go:131.2,131.24 1 0
github.com/ESGI-M2/GO/orm/builder/config_builder.go:132.21,133.20 1 0
github.com/ESGI-M2/GO/orm/builder/config_builder.go:134.44,135.23 1 0
github.com/ESGI-M2/GO/orm/builder/config_builder.go:138.2,138.11 1 0
github.com/ESGI-M2/GO/orm/builder/config_builder.go:142.41,143.49 1 0
github.com/ESGI-M2/GO/orm/builder/config_builder.go:143.49,145.3 1 0
github.com/ESGI-M2/GO/orm/builder/config_builder.go:146.2,146.55 1 0
github.com/ESGI-M2/GO/orm/builder/config_builder.go:146.55,147.53 1 0
github.com/ESGI-M2/GO/orm/builder/config_builder.go:147.53,149.4 1 0
github.com/ESGI-M2/GO/orm/builder/config_builder.go:151.2,151.61 1 0
github.com/ESGI-M2/GO/orm/builder/config_builder.go:151.61,153.3 1 0
github.com/ESGI-M2/GO/orm/builder/config_builder.go:154.2,154.57 1 0
github.com/ESGI-M2/GO/orm/builder/config_builder.go:154.57,156.3 1 0
github.com/ESGI-M2/GO/orm/builder/config_builder.go:157.2,157.61 1 0
github.com/ESGI-M2/GO/orm/builder/config_builder.go:157.61,159.3 1 0
github.com/ESGI-M2/GO/orm/builder/config_builder.go:163.44,164.52 1 0
github.com/ESGI-M2/GO/orm/builder/config_builder.go:164.52,166.3 1 0
github.com/ESGI-M2/GO/orm/builder/config_builder.go:167.2,167.58 1 0
github.com/ESGI-M2/GO/orm/builder/config_builder.go:167.58,168.53 1 0
github.com/ESGI-M2/GO/orm/builder/config_builder.go:168.53,170.4 1 0
github.com/ESGI-M2/GO/orm/builder/config_builder.go:172.2,172.58 1 0
github.com/ESGI-M2/GO/orm/builder/config_builder.go:172.58,174.3 1 0
github.com/ESGI-M2/GO/orm/builder/config_builder.go:175.2,175.60 1 0
github.com/ESGI-M2/GO/orm/builder/config_builder.go:175.60,177.3 1 0
github.com/ESGI-M2/GO/orm/builder/config_builder.go:178.2,178.64 1 0
github.com/ESGI-M2/GO/orm/builder/config_builder.go:178.64,180.3 1 0
github.com/ESGI-M2/GO/orm/builder/config_builder.go:184.98,185.30 1 0
github.com/ESGI-M2/GO/orm/builder/config_builder.go:185.30,187.3 1 0
github.com/ESGI-M2/GO/orm/builder/config_builder.go:189.2,189.30 1 0
github.com/ESGI-M2/GO/orm/builder/config_builder.go:189.30,191.3 1 0
github.com/ESGI-M2/GO/orm/builder/config_builder.go:193.2,193.54 1 0
github.com/ESGI-M2/GO/orm/builder/config_builder.go:197.66,199.2 1 0
github.com/ESGI-M2/GO/orm/builder/config_builder.go:202.63,204.2 1 0
github.com/ESGI-M2/GO/orm/builder/config_builder.go:207.58,209.2 1 0
github.com/ESGI-M2/GO/orm/builder/config_builder.go:214.29,216.2 1 0
github.com/ESGI-M2/GO/orm/builder/config_builder.go:219.34,221.2 1 0
github.com/ESGI-M2/GO/orm/builder/config_builder.go:224.28,226.2 1 0
github.com/ESGI-M2/GO/orm/builder/config_builder.go:229.36,231.2 1 0
github.com/ESGI-M2/GO/orm/builder/config_builder.go:234.39,236.2 1 0
github.com/ESGI-M2/GO/orm/builder/orm_builder.go:25.32,31.2 1 0
github.com/ESGI-M2/GO/orm/builder/orm_builder.go:34.69,35.34 1 0
github.com/ESGI-M2/GO/orm/builder/orm_builder.go:36.14,37.42 1 0
github.com/ESGI-M2/GO/orm/builder/orm_builder.go:38.27,39.21 1 0
github.com/ESGI-M2/GO/orm/builder/orm_builder.go:40.10,42.32 2 0
github.com/ESGI-M2/GO/orm/builder/orm_builder.go:44.2,44.10 1 0
github.com/ESGI-M2/GO/orm/builder/orm_builder.go:48.44,51.2 2 0
github.com/ESGI-M2/GO/orm/builder/orm_builder.go:54.49,57.2 2 0
github.com/ESGI-M2/GO/orm/builder/orm_builder.go:60.79,63.2 2 0
github.com/ESGI-M2/GO/orm/builder/orm_builder.go:66.74,68.16 2 0
github.com/ESGI-M2/GO/orm/builder/orm_builder.go:68.16,71.3 2 0
github.com/ESGI-M2/GO/orm/builder/orm_builder.go:72.2,75.10 4 0
github.com/ESGI-M2/GO/orm/builder/orm_builder.go:79.91,81.78 2 0
github.com/ESGI-M2/GO/orm/builder/orm_builder.go:81.78,83.3 1 0
github.com/ESGI-M2/GO/orm/builder/orm_builder.go:85.2,92.10 2 0
github.com/ESGI-M2/GO/orm/builder/orm_builder.go:96.48,99.16 3 0
github.com/ESGI-M2/GO/orm/builder/orm_builder.go:99.16,102.3 2 0
github.com/ESGI-M2/GO/orm/builder/orm_builder.go:103.2,105.10 3 0
github.com/ESGI-M2/GO/orm/builder/orm_builder.go:109.57,112.2 2 0
github.com/ESGI-M2/GO/orm/builder/orm_builder.go:115.65,118.2 2 0
github.com/ESGI-M2/GO/orm/builder/orm_builder.go:121.70,124.2 2 0
github.com/ESGI-M2/GO/orm/builder/orm_builder.go:127.37,128.17 1 0
github.com/ESGI-M2/GO/orm/builder/orm_builder.go:128.17,130.3 1 0
github.com/ESGI-M2/GO/orm/builder/orm_builder.go:133.2,136.16 4 0
github.com/ESGI-M2/GO/orm/builder/orm_builder.go:136.16,138.3 1 0
github.com/ESGI-M2/GO/orm/builder/orm_builder.go:141.2,141.51 1 0
github.com/ESGI-M2/GO/orm/builder/orm_builder.go:141.51,143.86 2 0
github.com/ESGI-M2/GO/orm/builder/orm_builder.go:143.86,145.4 1 0
github.com/ESGI-M2/GO/orm/builder/orm_builder.go:149.2,152.48 2 0
github.com/ESGI-M2/GO/orm/builder/orm_builder.go:152.48,154.3 1 0
github.com/ESGI-M2/GO/orm/builder/orm_builder.go:157.2,157.33 1 0
github.com/ESGI-M2/GO/orm/builder/orm_builder.go:157.33,158.52 1 0
github.com/ESGI-M2/GO/orm/builder/orm_builder.go:158.52,160.4 1 0
github.com/ESGI-M2/GO/orm/builder/orm_builder.go:164.2,164.40 1 0
github.com/ESGI-M2/GO/orm/builder/orm_builder.go:164.40,166.3 1 0
github.com/ESGI-M2/GO/orm/builder/orm_builder.go:168.2,170.12 3 0
github.com/ESGI-M2/GO/orm/builder/orm_builder.go:174.45,176.2 1 0
github.com/ESGI-M2/GO/orm/builder/orm_builder.go:179.70,180.18 1 0
github.com/ESGI-M2/GO/orm/builder/orm_builder.go:180.18,185.3 1 0
github.com/ESGI-M2/GO/orm/builder/orm_builder.go:186.2,186.27 1 0
github.com/ESGI-M2/GO/orm/builder/orm_builder.go:195.53,197.2 1 0
github.com/ESGI-M2/GO/orm/builder/orm_builder.go:200.69,200.90 1 0
github.com/ESGI-M2/GO/orm/builder/orm_builder.go:201.69,201.90 1 0
github.com/ESGI-M2/GO/orm/builder/orm_builder.go:202.90,204.2 1 0
github.com/ESGI-M2/GO/orm/builder/orm_builder.go:205.91,207.2 1 0
github.com/ESGI-M2/GO/orm/builder/orm_builder.go:208.75,208.91 1 0
github.com/ESGI-M2/GO/orm/builder/orm_builder.go:209.75,209.91 1 0
github.com/ESGI-M2/GO/orm/builder/orm_builder.go:210.75,210.91 1 0
github.com/ESGI-M2/GO/orm/builder/orm_builder.go:211.75,211.91 1 0
github.com/ESGI-M2/GO/orm/builder/orm_builder.go:212.75,212.94 1 0
github.com/ESGI-M2/GO/orm/builder/orm_builder.go:213.75,213.98 1 0
github.com/ESGI-M2/GO/orm/builder/orm_builder.go:214.103,216.2 1 0
github.com/ESGI-M2/GO/orm/builder/orm_builder.go:217.92,219.2 1 0
github.com/ESGI-M2/GO/orm/builder/orm_builder.go:220.124,222.2 1 0
github.com/ESGI-M2/GO/orm/builder/orm_builder.go:223.89,223.105 1 0
github.com/ESGI-M2/GO/orm/builder/orm_builder.go:224.89,224.105 1 0
github.com/ESGI-M2/GO/orm/builder/orm_builder.go:225.89,225.105 1 0
github.com/ESGI-M2/GO/orm/builder/orm_builder.go:226.89,226.105 1 0
github.com/ESGI-M2/GO/orm/builder/orm_builder.go:227.89,227.105 1 0
github.com/ESGI-M2/GO/orm/builder/orm_builder.go:228.89,228.105 1 0
github.com/ESGI-M2/GO/orm/builder/orm_builder.go:229.89,229.110 1 0
github.com/ESGI-M2/GO/orm/builder/orm_builder.go:230.89,230.105 1 0
github.com/ESGI-M2/GO/orm/builder/orm_builder.go:231.89,231.101 1 0
github.com/ESGI-M2/GO/orm/builder/orm_builder.go:232.89,232.105 1 0
github.com/ESGI-M2/GO/orm/builder/orm_builder.go:233.89,233.105 1 0
github.com/ESGI-M2/GO/orm/builder/orm_builder.go:234.89,234.110 1 0
github.com/ESGI-M2/GO/orm/builder/orm_builder.go:235.89,235.110 1 0
github.com/ESGI-M2/GO/orm/builder/orm_builder.go:236.89,236.105 1 0
github.com/ESGI-M2/GO/orm/builder/orm_builder.go:237.89,237.105 1 0
github.com/ESGI-M2/GO/orm/builder/orm_builder.go:240.73,241.18 1 0
github.com/ESGI-M2/GO/orm/builder/orm_builder.go:241.18,244.3 1 0
github.com/ESGI-M2/GO/orm/builder/orm_builder.go:245.2,245.32 1 0
github.com/ESGI-M2/GO/orm/builder/orm_builder.go:249.82,250.18 1 0
github.com/ESGI-M2/GO/orm/builder/orm_builder.go:250.18,255.3 1 0
github.com/ESGI-M2/GO/orm/builder/orm_builder.go:256.2,256.32 1 0
github.com/ESGI-M2/GO/orm/builder/orm_builder.go:260.70,261.18 1 0
github.com/ESGI-M2/GO/orm/builder/orm_builder.go:261.18,263.3 1 0
github.com/ESGI-M2/GO/orm/builder/orm_builder.go:264.2,264.30 1 0
github.com/ESGI-M2/GO/orm/builder/orm_builder.go:268.35,269.18 1 0
github.com/ESGI-M2/GO/orm/builder/orm_builder.go:269.18,272.3 2 0
github.com/ESGI-M2/GO/orm/builder/orm_builder.go:273.2,273.12 1 0
github.com/ESGI-M2/GO/orm/builder/orm_builder.go:277.40,279.2 1 0
github.com/ESGI-M2/GO/orm/builder/orm_builder.go:282.61,284.2 1 0
github.com/ESGI-M2/GO/orm/builder/orm_builder.go:287.58,289.2 1 0
github.com/ESGI-M2/GO/orm/builder/orm_builder.go:294.28,296.2 1 0
github.com/ESGI-M2/GO/orm/builder/orm_builder.go:299.33,301.2 1 0
github.com/ESGI-M2/GO/orm/builder/orm_builder.go:304.35,306.2 1 0
github.com/ESGI-M2/GO/orm/builder/orm_builder.go:309.40,311.2 1 0
github.com/ESGI-M2/GO/orm/builder/orm_builder.go:314.123,323.2 3 0
github.com/ESGI-M2/GO/orm/builder/orm_builder.go:326.87,335.2 3 0
github.com/ESGI-M2/GO/orm/builder/orm_builder.go:340.21,349.38 2 0
github.com/ESGI-M2/GO/orm/builder/orm_builder.go:349.38,351.3 1 0
github.com/ESGI-M2/GO/orm/builder/orm_builder.go:352.2,359.39 3 0
github.com/ESGI-M2/GO/orm/builder/orm_builder.go:359.39,361.3 1 0
github.com/ESGI-M2/GO/orm/builder/orm_builder.go:362.2,366.16 3 0
github.com/ESGI-M2/GO/orm/builder/orm_builder.go:366.16,368.3 1 0
github.com/ESGI-M2/GO/orm/builder/orm_builder.go:369.2,379.39 4 0
github.com/ESGI-M2/GO/orm/builder/orm_builder.go:379.39,381.3 1 0
github.com/ESGI-M2/GO/orm/builder/orm_builder.go:382.2,382.20 1 0
github.com/ESGI-M2/GO/orm/core/metadata/extractors.go:44.89,49.36 3 0
github.com/ESGI-M2/GO/orm/core/metadata/extractors.go:49.36,51.3 1 0
github.com/ESGI-M2/GO/orm/core/metadata/extractors.go:53.2,53.38 1 0
github.com/ESGI-M2/GO/orm/core/metadata/extractors.go:53.38,55.3 1 0
github.com/ESGI-M2/GO/orm/core/metadata/extractors.go:57.2,63.21 2 0
github.com/ESGI-M2/GO/orm/core/metadata/extractors.go:63.21,67.26 2 0
github.com/ESGI-M2/GO/orm/core/metadata/extractors.go:67.26,69.4 1 0
github.com/ESGI-M2/GO/orm/core/metadata/extractors.go:69.9,71.4 1 0
github.com/ESGI-M2/GO/orm/core/metadata/extractors.go:74.3,81.24 6 0
github.com/ESGI-M2/GO/orm/core/metadata/extractors.go:81.24,83.4 1 0
github.com/ESGI-M2/GO/orm/core/metadata/extractors.go:86.3,86.27 1 0
github.com/ESGI-M2/GO/orm/core/metadata/extractors.go:86.27,88.4 1 0
github.com/ESGI-M2/GO/orm/core/metadata/extractors.go:91.3,91.30 1 0
github.com/ESGI-M2/GO/orm/core/metadata/extractors.go:91.30,93.23 2 0
github.com/ESGI-M2/GO/orm/core/metadata/extractors.go:93.23,98.5 1 0
github.com/ESGI-M2/GO/orm/core/metadata/extractors.go:100.8,105.42 2 0
github.com/ESGI-M2/GO/orm/core/metadata/extractors.go:105.42,108.4 2 0
github.com/ESGI-M2/GO/orm/core/metadata/extractors.go:111.3,111.43 1 0
github.com/ESGI-M2/GO/orm/core/metadata/extractors.go:111.43,113.4 1 0
github.com/ESGI-M2/GO/orm/core/metadata/extractors.go:116.3,116.41 1 0
github.com/ESGI-M2/GO/orm/core/metadata/extractors.go:116.41,118.4 1 0
github.com/ESGI-M2/GO/orm/core/metadata/extractors.go:121.3,121.40 1 0
github.com/ESGI-M2/GO/orm/core/metadata/extractors.go:121.40,123.4 1 0
github.com/ESGI-M2/GO/orm/core/metadata/extractors.go:126.3,126.55 1 0
github.com/ESGI-M2/GO/orm/core/metadata/extractors.go:126.55,127.46 1 0
github.com/ESGI-M2/GO/orm/core/metadata/extractors.go:127.46,129.5 1 0
github.com/ESGI-M2/GO/orm/core/metadata/extractors.go:133.3,133.68 1 0
github.com/ESGI-M2/GO/orm/core/metadata/extractors.go:133.68,135.4 1 0
github.com/ESGI-M2/GO/orm/core/metadata/extractors.go:138.3,138.51 1 0
github.com/ESGI-M2/GO/orm/core/metadata/extractors.go:138.51,140.23 2 0
github.com/ESGI-M2/GO/orm/core/metadata/extractors.go:140.23,147.5 1 0
github.com/ESGI-M2/GO/orm/core/metadata/extractors.go:151.2,151.20 1 0
github.com/ESGI-M2/GO/orm/core/metadata/extractors.go:155.89,156.36 1 0
github.com/ESGI-M2/GO/orm/core/metadata/extractors.go:156.36,163.44 4 0
github.com/ESGI-M2/GO/orm/core/metadata/extractors.go:163.44,166.29 2 0
github.com/ESGI-M2/GO/orm/core/metadata/extractors.go:166.29,168.5 1 0
github.com/ESGI-M2/GO/orm/core/metadata/extractors.go:171.3,171.25 1 0
github.com/ESGI-M2/GO/orm/core/metadata/extractors.go:171.25,179.23 2 0
github.com/ESGI-M2/GO/orm/core/metadata/extractors.go:179.23,181.32 2 0
github.com/ESGI-M2/GO/orm/core/metadata/extractors.go:181.32,183.6 1 0
github.com/ESGI-M2/GO/orm/core/metadata/extractors.go:184.10,186.53 1 0
github.com/ESGI-M2/GO/orm/core/metadata/extractors.go:186.53,188.6 1 0
github.com/ESGI-M2/GO/orm/core/metadata/extractors.go:191.4,191.55 1 0
github.com/ESGI-M2/GO/orm/core/metadata/extractors.go:191.55,193.5 1 0
github.com/ESGI-M2/GO/orm/core/metadata/extractors.go:194.4,194.51 1 0
github.com/ESGI-M2/GO/orm/core/metadata/extractors.go:194.51,196.5 1 0
github.com/ESGI-M2/GO/orm/core/metadata/extractors.go:198.4,198.45 1 0
github.com/ESGI-M2/GO/orm/core/metadata/extractors.go:204.87,205.36 1 0
github.com/ESGI-M2/GO/orm/core/metadata/extractors.go:205.36,213.22 4 0
github.com/ESGI-M2/GO/orm/core/metadata/extractors.go:213.22,215.20 2 0
github.com/ESGI-M2/GO/orm/core/metadata/extractors.go:215.20,217.5 1 0
github.com/ESGI-M2/GO/orm/core/metadata/extractors.go:220.3,220.22 1 0
github.com/ESGI-M2/GO/orm/core/metadata/extractors.go:220.22,222.24 2 0
github.com/ESGI-M2/GO/orm/core/metadata/extractors.go:222.24,224.5 1 0
github.com/ESGI-M2/GO/orm/core/metadata/extractors.go:226.4,231.54 2 0
github.com/ESGI-M2/GO/orm/core/metadata/extractors.go:237.38,238.15 1 0
github.com/ESGI-M2/GO/orm/core/metadata/extractors.go:238.15,240.3 1 0
github.com/ESGI-M2/GO/orm/core/metadata/extractors.go:242.2,245.29 3 0
github.com/ESGI-M2/GO/orm/core/metadata/extractors.go:245.29,247.17 2 0
github.com/ESGI-M2/GO/orm/core/metadata/extractors.go:247.17,248.12 1 0
github.com/ESGI-M2/GO/orm/core/metadata/extractors.go:252.3,252.34 1 0
github.com/ESGI-M2/GO/orm/core/metadata/extractors.go:252.34,257.15 4 0
github.com/ESGI-M2/GO/orm/core/metadata/extractors.go:258.18,259.26 1 0
github.com/ESGI-M2/GO/orm/core/metadata/extractors.go:260.29,261.30 1 0
github.com/ESGI-M2/GO/orm/core/metadata/extractors.go:262.18,263.52 1 0
github.com/ESGI-M2/GO/orm/core/metadata/extractors.go:263.52,265.6 1 0
github.com/ESGI-M2/GO/orm/core/metadata/extractors.go:266.19,267.27 1 0
github.com/ESGI-M2/GO/orm/core/metadata/extractors.go:268.20,269.28 1 0
github.com/ESGI-M2/GO/orm/core/metadata/extractors.go:270.16,271.32 1 0
github.com/ESGI-M2/GO/orm/core/metadata/extractors.go:273.9,275.16 1 0
github.com/ESGI-M2/GO/orm/core/metadata/extractors.go:276.25,277.29 1 0
github.com/ESGI-M2/GO/orm/core/metadata/extractors.go:278.34,279.27 1 0
github.com/ESGI-M2/GO/orm/core/metadata/extractors.go:280.18,281.25 1 0
github.com/ESGI-M2/GO/orm/core/metadata/extractors.go:282.17,283.24 1 0
github.com/ESGI-M2/GO/orm/core/metadata/extractors.go:284.20,285.27 1 0
github.com/ESGI-M2/GO/orm/core/metadata/extractors.go:290.2,290.15 1 0
github.com/ESGI-M2/GO/orm/core/metadata/extractors.go:294.42,296.22 1 0
github.com/ESGI-M2/GO/orm/core/metadata/extractors.go:296.22,297.62 1 0
github.com/ESGI-M2/GO/orm/core/metadata/extractors.go:297.62,299.4 1 0
github.com/ESGI-M2/GO/orm/core/metadata/extractors.go:303.2,303.34 1 0
github.com/ESGI-M2/GO/orm/core/metadata/extractors.go:307.40,308.18 1 0
github.com/ESGI-M2/GO/orm/core/metadata/extractors.go:309.63,310.15 1 0
github.com/ESGI-M2/GO/orm/core/metadata/extractors.go:311.21,312.18 1 0
github.com/ESGI-M2/GO/orm/core/metadata/extractors.go:313.67,314.24 1 0
github.com/ESGI-M2/GO/orm/core/metadata/extractors.go:315.22,316.27 1 0
github.com/ESGI-M2/GO/orm/core/metadata/extractors.go:317.23,318.17 1 0
github.com/ESGI-M2/GO/orm/core/metadata/extractors.go:319.23,320.18 1 0
github.com/ESGI-M2/GO/orm/core/metadata/extractors.go:321.22,322.24 1 0
github.com/ESGI-M2/GO/orm/core/metadata/extractors.go:323.20,324.19 1 0
github.com/ESGI-M2/GO/orm/core/metadata/extractors.go:325.22,327.32 1 0
github.com/ESGI-M2/GO/orm/core/metadata/extractors.go:327.32,329.4 1 0
github.com/ESGI-M2/GO/orm/core/metadata/extractors.go:330.3,330.36 1 0
github.com/ESGI-M2/GO/orm/core/metadata/extractors.go:330.36,332.4 1 0
github.com/ESGI-M2/GO/orm/core/metadata/extractors.go:333.3,333.16 1 0
github.com/ESGI-M2/GO/orm/core/metadata/extractors.go:334.21,335.39 1 0
github.com/ESGI-M2/GO/orm/core/metadata/extractors.go:335.39,337.4 1 0
github.com/ESGI-M2/GO/orm/core/metadata/extractors.go:338.3,338.16 1 0
github.com/ESGI-M2/GO/orm/core/metadata/extractors.go:339.10,340.16 1 0
github.com/ESGI-M2/GO/orm/core/metadata/extractors.go:345.69,346.39 1 0
github.com/ESGI-M2/GO/orm/core/metadata/extractors.go:347.20,348.29 1 0
github.com/ESGI-M2/GO/orm/core/metadata/extractors.go:349.21,350.30 1 0
github.com/ESGI-M2/GO/orm/core/metadata/extractors.go:351.21,352.30 1 0
github.com/ESGI-M2/GO/orm/core/metadata/extractors.go:353.22,354.31 1 0
github.com/ESGI-M2/GO/orm/core/metadata/extractors.go:355.10,356.29 1 0
github.com/ESGI-M2/GO/orm/core/metadata/extractors.go:361.66,362.18 1 0
github.com/ESGI-M2/GO/orm/core/metadata/extractors.go:363.22,364.15 1 0
github.com/ESGI-M2/GO/orm/core/metadata/extractors.go:365.78,366.44 1 0
github.com/ESGI-M2/GO/orm/core/metadata/extractors.go:366.44,368.4 1 0
github.com/ESGI-M2/GO/orm/core/metadata/extractors.go:369.40,370.46 1 0
github.com/ESGI-M2/GO/orm/core/metadata/extractors.go:370.46,372.4 1 0
github.com/ESGI-M2/GO/orm/core/metadata/extractors.go:373.20,374.42 1 0
github.com/ESGI-M2/GO/orm/core/metadata/extractors.go:376.2,376.14 1 0
github.com/ESGI-M2/GO/orm/core/metadata/extractors.go:380.38,384.2 3 0
github.com/ESGI-M2/GO/orm/core/metadata/extractors.go:387.44,391.2 3 0
github.com/ESGI-M2/GO/orm/core/metadata/manager.go:16.28,20.2 1 0
github.com/ESGI-M2/GO/orm/core/metadata/manager.go:23.90,27.29 2 0
github.com/ESGI-M2/GO/orm/core/metadata/manager.go:27.29,29.3 1 0
github.com/ESGI-M2/GO/orm/core/metadata/manager.go:32.2,32.32 1 0
github.com/ESGI-M2/GO/orm/core/metadata/manager.go:32.32,34.3 1 0
github.com/ESGI-M2/GO/orm/core/metadata/manager.go:37.2,37.46 1 0
github.com/ESGI-M2/GO/orm/core/metadata/manager.go:37.46,39.3 1 0
github.com/ESGI-M2/GO/orm/core/metadata/manager.go:41.2,50.36 2 0
github.com/ESGI-M2/GO/orm/core/metadata/manager.go:50.36,53.17 3 0
github.com/ESGI-M2/GO/orm/core/metadata/manager.go:53.17,55.4 1 0
github.com/ESGI-M2/GO/orm/core/metadata/manager.go:57.3,57.20 1 0
github.com/ESGI-M2/GO/orm/core/metadata/manager.go:57.20,61.25 2 0
github.com/ESGI-M2/GO/orm/core/metadata/manager.go:61.25,63.5 1 0
github.com/ESGI-M2/GO/orm/core/metadata/manager.go:64.4,64.28 1 0
github.com/ESGI-M2/GO/orm/core/metadata/manager.go:64.28,66.5 1 0
github.com/ESGI-M2/GO/orm/core/metadata/manager.go:71.2,79.22 4 0
github.com/ESGI-M2/GO/orm/core/metadata/manager.go:83.86,85.2 1 0
github.com/ESGI-M2/GO/orm/core/metadata/manager.go:88.33,90.2 1 0
github.com/ESGI-M2/GO/orm/core/repository/operations.go:10.57,11.23 1 0
github.com/ESGI-M2/GO/orm/core/repository/operations.go:11.23,13.3 1 0
github.com/ESGI-M2/GO/orm/core/repository/operations.go:16.2,17.39 2 0
github.com/ESGI-M2/GO/orm/core/repository/operations.go:17.39,19.3 1 0
github.com/ESGI-M2/GO/orm/core/repository/operations.go:22.2,23.46 2 0
github.com/ESGI-M2/GO/orm/core/repository/operations.go:23.46,25.59 2 0
github.com/ESGI-M2/GO/orm/core/repository/operations.go:25.59,27.9 2 0
github.com/ESGI-M2/GO/orm/core/repository/operations.go:30.2,30.24 1 0
github.com/ESGI-M2/GO/orm/core/repository/operations.go:30.24,32.3 1 0
github.com/ESGI-M2/GO/orm/core/repository/operations.go:35.2,35.26 1 0
github.com/ESGI-M2/GO/orm/core/repository/operations.go:35.26,37.3 1 0
github.com/ESGI-M2/GO/orm/core/repository/operations.go:40.2,40.25 1 0
github.com/ESGI-M2/GO/orm/core/repository/operations.go:44.59,46.2 1 0
github.com/ESGI-M2/GO/orm/core/repository/operations.go:49.59,50.23 1 0
github.com/ESGI-M2/GO/orm/core/repository/operations.go:50.23,52.3 1 0
github.com/ESGI-M2/GO/orm/core/repository/operations.go:54.2,55.39 2 0
github.com/ESGI-M2/GO/orm/core/repository/operations.go:55.39,57.3 1 0
github.com/ESGI-M2/GO/orm/core/repository/operations.go:60.2,61.46 2 0
github.com/ESGI-M2/GO/orm/core/repository/operations.go:61.46,63.59 2 0
github.com/ESGI-M2/GO/orm/core/repository/operations.go:63.59,65.9 2 0
github.com/ESGI-M2/GO/orm/core/repository/operations.go:68.2,68.24 1 0
github.com/ESGI-M2/GO/orm/core/repository/operations.go:68.24,70.3 1 0
github.com/ESGI-M2/GO/orm/core/repository/operations.go:72.2,76.16 3 0
github.com/ESGI-M2/GO/orm/core/repository/operations.go:76.16,78.3 1 0
github.com/ESGI-M2/GO/orm/core/repository/operations.go:80.2,80.12 1 0
github.com/ESGI-M2/GO/orm/core/repository/operations.go:84.74,85.23 1 0
github.com/ESGI-M2/GO/orm/core/repository/operations.go:85.23,87.3 1 0
github.com/ESGI-M2/GO/orm/core/repository/operations.go:89.2,92.37 3 0
github.com/ESGI-M2/GO/orm/core/repository/operations.go:92.37,95.3 2 0
github.com/ESGI-M2/GO/orm/core/repository/operations.go:97.2,101.16 4 0
github.com/ESGI-M2/GO/orm/core/repository/operations.go:101.16,103.3 1 0
github.com/ESGI-M2/GO/orm/core/repository/operations.go:105.2,105.12 1 0
github.com/ESGI-M2/GO/orm/core/repository/operations.go:109.108,110.46 1 0
github.com/ESGI-M2/GO/orm/core/repository/operations.go:110.46,114.51 2 0
github.com/ESGI-M2/GO/orm/core/repository/operations.go:114.51,117.31 2 0
github.com/ESGI-M2/GO/orm/core/repository/operations.go:117.31,119.43 2 0
github.com/ESGI-M2/GO/orm/core/repository/operations.go:119.43,121.31 2 0
github.com/ESGI-M2/GO/orm/core/repository/operations.go:121.31,123.7 1 0
github.com/ESGI-M2/GO/orm/core/repository/operations.go:129.3,129.48 1 0
github.com/ESGI-M2/GO/orm/core/repository/operations.go:129.48,130.27 1 0
github.com/ESGI-M2/GO/orm/core/repository/operations.go:130.27,132.5 1 0
github.com/ESGI-M2/GO/orm/core/repository/operations.go:136.3,136.48 1 0
github.com/ESGI-M2/GO/orm/core/repository/operations.go:136.48,138.4 1 0
github.com/ESGI-M2/GO/orm/core/repository/operations.go:140.2,140.24 1 0
github.com/ESGI-M2/GO/orm/core/repository/operations.go:144.59,146.39 2 0
github.com/ESGI-M2/GO/orm/core/repository/operations.go:146.39,148.3 1 0
github.com/ESGI-M2/GO/orm/core/repository/operations.go:150.2,156.44 6 0
github.com/ESGI-M2/GO/orm/core/repository/operations.go:156.44,158.23 2 0
github.com/ESGI-M2/GO/orm/core/repository/operations.go:158.23,159.12 1 0
github.com/ESGI-M2/GO/orm/core/repository/operations.go:161.3,161.27 1 0
github.com/ESGI-M2/GO/orm/core/repository/operations.go:161.27,164.12 3 0
github.com/ESGI-M2/GO/orm/core/repository/operations.go:166.3,168.92 3 0
github.com/ESGI-M2/GO/orm/core/repository/operations.go:171.2,176.47 5 0
github.com/ESGI-M2/GO/orm/core/repository/operations.go:176.47,186.68 5 0
github.com/ESGI-M2/GO/orm/core/repository/operations.go:186.68,188.4 1 0
github.com/ESGI-M2/GO/orm/core/repository/operations.go:189.8,196.68 3 0
github.com/ESGI-M2/GO/orm/core/repository/operations.go:196.68,197.74 1 0
github.com/ESGI-M2/GO/orm/core/repository/operations.go:197.74,199.21 2 0
github.com/ESGI-M2/GO/orm/core/repository/operations.go:199.21,201.6 1 0
github.com/ESGI-M2/GO/orm/core/repository/operations.go:206.2,206.16 1 0
github.com/ESGI-M2/GO/orm/core/repository/operations.go:206.16,208.3 1 0
github.com/ESGI-M2/GO/orm/core/repository/operations.go:210.2,210.12 1 0
github.com/ESGI-M2/GO/orm/core/repository/operations.go:214.59,216.39 2 0
github.com/ESGI-M2/GO/orm/core/repository/operations.go:216.39,218.3 1 0
github.com/ESGI-M2/GO/orm/core/repository/operations.go:220.2,223.44 3 0
github.com/ESGI-M2/GO/orm/core/repository/operations.go:223.44,226.73 2 0
github.com/ESGI-M2/GO/orm/core/repository/operations.go:226.73,227.12 1 0
github.com/ESGI-M2/GO/orm/core/repository/operations.go:231.3,231.43 1 0
github.com/ESGI-M2/GO/orm/core/repository/operations.go:231.43,232.12 1 0
github.com/ESGI-M2/GO/orm/core/repository/operations.go:235.3,236.45 2 0
github.com/ESGI-M2/GO/orm/core/repository/operations.go:241.2,242.46 2 0
github.com/ESGI-M2/GO/orm/core/repository/operations.go:242.46,244.59 2 0
github.com/ESGI-M2/GO/orm/core/repository/operations.go:244.59,246.9 2 0
github.com/ESGI-M2/GO/orm/core/repository/operations.go:249.2,249.24 1 0
github.com/ESGI-M2/GO/orm/core/repository/operations.go:249.24,251.3 1 0
github.com/ESGI-M2/GO/orm/core/repository/operations.go:252.2,261.16 4 0
github.com/ESGI-M2/GO/orm/core/repository/operations.go:261.16,263.3 1 0
github.com/ESGI-M2/GO/orm/core/repository/operations.go:265.2,265.12 1 0
github.com/ESGI-M2/GO/orm/core/repository/operations.go:269.90,270.23 1 0
github.com/ESGI-M2/GO/orm/core/repository/operations.go:270.23,272.3 1 0
github.com/ESGI-M2/GO/orm/core/repository/operations.go:275.2,279.44 3 0
github.com/ESGI-M2/GO/orm/core/repository/operations.go:279.44,282.23 2 0
github.com/ESGI-M2/GO/orm/core/repository/operations.go:282.23,283.12 1 0
github.com/ESGI-M2/GO/orm/core/repository/operations.go:286.3,287.14 2 0
github.com/ESGI-M2/GO/orm/core/repository/operations.go:287.14,288.12 1 0
github.com/ESGI-M2/GO/orm/core/repository/operations.go:291.3,291.53 1 0
github.com/ESGI-M2/GO/orm/core/repository/operations.go:291.53,293.4 1 0
github.com/ESGI-M2/GO/orm/core/repository/operations.go:296.2,296.20 1 0
github.com/ESGI-M2/GO/orm/core/repository/operations.go:300.40,301.18 1 0
github.com/ESGI-M2/GO/orm/core/repository/operations.go:302.20,303.19 1 0
github.com/ESGI-M2/GO/orm/core/repository/operations.go:304.78,305.22 1 0
github.com/ESGI-M2/GO/orm/core/repository/operations.go:306.83,307.23 1 0
github.com/ESGI-M2/GO/orm/core/repository/operations.go:308.40,309.24 1 0
github.com/ESGI-M2/GO/orm/core/repository/operations.go:310.22,311.26 1 0
github.com/ESGI-M2/GO/orm/core/repository/operations.go:312.38,313.19 1 0
github.com/ESGI-M2/GO/orm/core/repository/operations.go:314.10,315.15 1 0
github.com/ESGI-M2/GO/orm/core/repository/operations.go:320.66,321.18 1 0
github.com/ESGI-M2/GO/orm/core/repository/operations.go:321.18,324.3 2 0
github.com/ESGI-M2/GO/orm/core/repository/operations.go:326.2,330.28 3 0
github.com/ESGI-M2/GO/orm/core/repository/operations.go:330.28,333.3 2 0
github.com/ESGI-M2/GO/orm/core/repository/operations.go:336.2,336.26 1 0
github.com/ESGI-M2/GO/orm/core/repository/operations.go:337.78,338.28 1 0
github.com/ESGI-M2/GO/orm/core/repository/operations.go:339.14,340.19 1 0
github.com/ESGI-M2/GO/orm/core/repository/operations.go:341.12,342.26 1 0
github.com/ESGI-M2/GO/orm/core/repository/operations.go:343.16,344.26 1 0
github.com/ESGI-M2/GO/orm/core/repository/operations.go:345.11,346.66 1 0
github.com/ESGI-M2/GO/orm/core/repository/operations.go:348.83,349.28 1 0
github.com/ESGI-M2/GO/orm/core/repository/operations.go:350.14,351.28 1 0
github.com/ESGI-M2/GO/orm/core/repository/operations.go:352.12,353.28 1 0
github.com/ESGI-M2/GO/orm/core/repository/operations.go:354.16,355.28 1 0
github.com/ESGI-M2/GO/orm/core/repository/operations.go:356.11,357.66 1 0
github.com/ESGI-M2/GO/orm/core/repository/operations.go:359.40,360.28 1 0
github.com/ESGI-M2/GO/orm/core/repository/operations.go:361.16,362.21 1 0
github.com/ESGI-M2/GO/orm/core/repository/operations.go:363.14,364.30 1 0
github.com/ESGI-M2/GO/orm/core/repository/operations.go:365.12,366.30 1 0
github.com/ESGI-M2/GO/orm/core/repository/operations.go:367.11,368.66 1 0
github.com/ESGI-M2/GO/orm/core/repository/operations.go:370.22,371.36 1 0
github.com/ESGI-M2/GO/orm/core/repository/operations.go:371.36,373.4 1 0
github.com/ESGI-M2/GO/orm/core/repository/operations.go:373.9,375.4 1 0
github.com/ESGI-M2/GO/orm/core/repository/operations.go:376.20,377.32 1 0
github.com/ESGI-M2/GO/orm/core/repository/operations.go:377.32,379.4 1 0
github.com/ESGI-M2/GO/orm/core/repository/operations.go:379.9,381.4 1 0
github.com/ESGI-M2/GO/orm/core/repository/operations.go:382.10,383.61 1 0
github.com/ESGI-M2/GO/orm/core/repository/operations.go:386.2,386.12 1 0
github.com/ESGI-M2/GO/orm/core/repository/repository.go:19.111,25.2 1 0
github.com/ESGI-M2/GO/orm/core/repository/repository.go:28.68,31.16 3 0
github.com/ESGI-M2/GO/orm/core/repository/repository.go:31.16,33.3 1 0
github.com/ESGI-M2/GO/orm/core/repository/repository.go:34.2,34.20 1 0
github.com/ESGI-M2/GO/orm/core/repository/repository.go:38.102,42.37 2 0
github.com/ESGI-M2/GO/orm/core/repository/repository.go:42.37,43.88 1 0
github.com/ESGI-M2/GO/orm/core/repository/repository.go:43.88,45.4 1 0
github.com/ESGI-M2/GO/orm/core/repository/repository.go:48.2,49.16 2 0
github.com/ESGI-M2/GO/orm/core/repository/repository.go:49.16,51.3 1 0
github.com/ESGI-M2/GO/orm/core/repository/repository.go:52.2,52.20 1 0
github.com/ESGI-M2/GO/orm/core/repository/repository.go:56.59,59.16 3 0
github.com/ESGI-M2/GO/orm/core/repository/repository.go:59.16,61.3 1 0
github.com/ESGI-M2/GO/orm/core/repository/repository.go:62.2,62.43 1 0
github.com/ESGI-M2/GO/orm/core/repository/repository.go:66.91,70.37 2 0
github.com/ESGI-M2/GO/orm/core/repository/repository.go:70.37,71.88 1 0
github.com/ESGI-M2/GO/orm/core/repository/repository.go:71.88,73.4 1 0
github.com/ESGI-M2/GO/orm/core/repository/repository.go:76.2,77.16 2 0
github.com/ESGI-M2/GO/orm/core/repository/repository.go:77.16,79.3 1 0
github.com/ESGI-M2/GO/orm/core/repository/repository.go:80.2,80.43 1 0
github.com/ESGI-M2/GO/orm/core/repository/repository.go:84.89,87.37 2 0
github.com/ESGI-M2/GO/orm/core/repository/repository.go:87.37,89.3 1 0
github.com/ESGI-M2/GO/orm/core/repository/repository.go:91.2,92.16 2 0
github.com/ESGI-M2/GO/orm/core/repository/repository.go:92.16,94.3 1 0
github.com/ESGI-M2/GO/orm/core/repository/repository.go:95.2,95.43 1 0
github.com/ESGI-M2/GO/orm/core/repository/repository.go:99.123,102.37 2 0
github.com/ESGI-M2/GO/orm/core/repository/repository.go:102.37,104.3 1 0
github.com/ESGI-M2/GO/orm/core/repository/repository.go:107.2,107.37 1 0
github.com/ESGI-M2/GO/orm/core/repository/repository.go:107.37,108.88 1 0
github.com/ESGI-M2/GO/orm/core/repository/repository.go:108.88,110.4 1 0
github.com/ESGI-M2/GO/orm/core/repository/repository.go:113.2,114.16 2 0
github.com/ESGI-M2/GO/orm/core/repository/repository.go:114.16,116.3 1 0
github.com/ESGI-M2/GO/orm/core/repository/repository.go:117.2,117.43 1 0
github.com/ESGI-M2/GO/orm/core/repository/repository.go:121.90,124.37 2 0
github.com/ESGI-M2/GO/orm/core/repository/repository.go:124.37,126.3 1 0
github.com/ESGI-M2/GO/orm/core/repository/repository.go:128.2,129.16 2 0
github.com/ESGI-M2/GO/orm/core/repository/repository.go:129.16,131.3 1 0
github.com/ESGI-M2/GO/orm/core/repository/repository.go:132.2,132.20 1 0
github.com/ESGI-M2/GO/orm/core/repository/repository.go:136.59,138.63 1 0
github.com/ESGI-M2/GO/orm/core/repository/repository.go:138.63,140.3 1 0
github.com/ESGI-M2/GO/orm/core/repository/repository.go:143.2,143.27 1 0
github.com/ESGI-M2/GO/orm/core/repository/repository.go:143.27,145.3 1 0
github.com/ESGI-M2/GO/orm/core/repository/repository.go:148.2,148.61 1 0
github.com/ESGI-M2/GO/orm/core/repository/repository.go:148.61,150.3 1 0
github.com/ESGI-M2/GO/orm/core/repository/repository.go:153.2,153.63 1 0
github.com/ESGI-M2/GO/orm/core/repository/repository.go:153.63,155.3 1 0
github.com/ESGI-M2/GO/orm/core/repository/repository.go:158.2,158.62 1 0
github.com/ESGI-M2/GO/orm/core/repository/repository.go:158.62,160.3 1 0
github.com/ESGI-M2/GO/orm/core/repository/repository.go:163.2,163.60 1 0
github.com/ESGI-M2/GO/orm/core/repository/repository.go:163.60,165.3 1 0
github.com/ESGI-M2/GO/orm/core/repository/repository.go:167.2,167.12 1 0
github.com/ESGI-M2/GO/orm/core/repository/repository.go:171.78,172.29 1 0
github.com/ESGI-M2/GO/orm/core/repository/repository.go:172.29,174.3 1 0
github.com/ESGI-M2/GO/orm/core/repository/repository.go:176.2,178.37 2 0
github.com/ESGI-M2/GO/orm/core/repository/repository.go:178.37,180.3 1 0
github.com/ESGI-M2/GO/orm/core/repository/repository.go:182.2,183.16 2 0
github.com/ESGI-M2/GO/orm/core/repository/repository.go:183.16,185.3 1 0
github.com/ESGI-M2/GO/orm/core/repository/repository.go:187.2,187.33 1 0
github.com/ESGI-M2/GO/orm/core/repository/repository.go:187.33,188.46 1 0
github.com/ESGI-M2/GO/orm/core/repository/repository.go:188.46,190.4 1 0
github.com/ESGI-M2/GO/orm/core/repository/repository.go:193.2,193.12 1 0
github.com/ESGI-M2/GO/orm/core/repository/repository.go:197.68,198.24 1 0
github.com/ESGI-M2/GO/orm/core/repository/repository.go:198.24,200.3 1 0
github.com/ESGI-M2/GO/orm/core/repository/repository.go:203.2,203.34 1 0
github.com/ESGI-M2/GO/orm/core/repository/repository.go:203.34,204.64 1 0
github.com/ESGI-M2/GO/orm/core/repository/repository.go:204.64,206.4 1 0
github.com/ESGI-M2/GO/orm/core/repository/repository.go:208.3,208.28 1 0
github.com/ESGI-M2/GO/orm/core/repository/repository.go:208.28,210.4 1 0
github.com/ESGI-M2/GO/orm/core/repository/repository.go:212.3,212.62 1 0
github.com/ESGI-M2/GO/orm/core/repository/repository.go:212.62,214.4 1 0
github.com/ESGI-M2/GO/orm/core/repository/repository.go:218.2,218.34 1 0
github.com/ESGI-M2/GO/orm/core/repository/repository.go:218.34,219.64 1 0
github.com/ESGI-M2/GO/orm/core/repository/repository.go:219.64,221.4 1 0
github.com/ESGI-M2/GO/orm/core/repository/repository.go:225.2,225.34 1 0
github.com/ESGI-M2/GO/orm/core/repository/repository.go:225.34,226.63 1 0
github.com/ESGI-M2/GO/orm/core/repository/repository.go:226.63,228.4 1 0
github.com/ESGI-M2/GO/orm/core/repository/repository.go:230.3,230.61 1 0
github.com/ESGI-M2/GO/orm/core/repository/repository.go:230.61,232.4 1 0
github.com/ESGI-M2/GO/orm/core/repository/repository.go:235.2,235.12 1 0
github.com/ESGI-M2/GO/orm/core/repository/repository.go:239.68,240.24 1 0
github.com/ESGI-M2/GO/orm/core/repository/repository.go:240.24,242.3 1 0
github.com/ESGI-M2/GO/orm/core/repository/repository.go:245.2,245.34 1 0
github.com/ESGI-M2/GO/orm/core/repository/repository.go:245.34,246.64 1 0
github.com/ESGI-M2/GO/orm/core/repository/repository.go:246.64,248.4 1 0
github.com/ESGI-M2/GO/orm/core/repository/repository.go:250.3,250.28 1 0
github.com/ESGI-M2/GO/orm/core/repository/repository.go:250.28,252.4 1 0
github.com/ESGI-M2/GO/orm/core/repository/repository.go:254.3,254.62 1 0
github.com/ESGI-M2/GO/orm/core/repository/repository.go:254.62,256.4 1 0
github.com/ESGI-M2/GO/orm/core/repository/repository.go:260.2,260.34 1 0
github.com/ESGI-M2/GO/orm/core/repository/repository.go:260.34,261.66 1 0
github.com/ESGI-M2/GO/orm/core/repository/repository.go:261.66,263.4 1 0
github.com/ESGI-M2/GO/orm/core/repository/repository.go:267.2,267.34 1 0
github.com/ESGI-M2/GO/orm/core/repository/repository.go:267.34,268.63 1 0
github.com/ESGI-M2/GO/orm/core/repository/repository.go:268.63,270.4 1 0
github.com/ESGI-M2/GO/orm/core/repository/repository.go:272.3,272.61 1 0
github.com/ESGI-M2/GO/orm/core/repository/repository.go:272.61,274.4 1 0
github.com/ESGI-M2/GO/orm/core/repository/repository.go:277.2,277.12 1 0
github.com/ESGI-M2/GO/orm/core/repository/repository.go:281.68,282.24 1 0
github.com/ESGI-M2/GO/orm/core/repository/repository.go:282.24,284.3 1 0
github.com/ESGI-M2/GO/orm/core/repository/repository.go:287.2,287.34 1 0
github.com/ESGI-M2/GO/orm/core/repository/repository.go:287.34,288.64 1 0
github.com/ESGI-M2/GO/orm/core/repository/repository.go:288.64,290.4 1 0
github.com/ESGI-M2/GO/orm/core/repository/repository.go:294.2,294.34 1 0
github.com/ESGI-M2/GO/orm/core/repository/repository.go:294.34,295.42 1 0
github.com/ESGI-M2/GO/orm/core/repository/repository.go:295.42,297.4 1 0
github.com/ESGI-M2/GO/orm/core/repository/repository.go:301.2,301.34 1 0
github.com/ESGI-M2/GO/orm/core/repository/repository.go:301.34,302.63 1 0
github.com/ESGI-M2/GO/orm/core/repository/repository.go:302.63,304.4 1 0
github.com/ESGI-M2/GO/orm/core/repository/repository.go:307.2,307.12 1 0
github.com/ESGI-M2/GO/orm/core/repository/repository.go:311.63,312.29 1 0
github.com/ESGI-M2/GO/orm/core/repository/repository.go:312.29,314.3 1 0
github.com/ESGI-M2/GO/orm/core/repository/repository.go:317.2,320.25 2 0
github.com/ESGI-M2/GO/orm/core/repository/repository.go:324.60,325.29 1 0
github.com/ESGI-M2/GO/orm/core/repository/repository.go:325.29,327.3 1 0
github.com/ESGI-M2/GO/orm/core/repository/repository.go:330.2,333.25 2 0
github.com/ESGI-M2/GO/orm/core/repository/repository.go:337.64,339.63 1 0
github.com/ESGI-M2/GO/orm/core/repository/repository.go:339.63,341.3 1 0
github.com/ESGI-M2/GO/orm/core/repository/repository.go:344.2,344.65 1 0
github.com/ESGI-M2/GO/orm/core/repository/repository.go:344.65,346.3 1 0
github.com/ESGI-M2/GO/orm/core/repository/repository.go:349.2,349.62 1 0
github.com/ESGI-M2/GO/orm/core/repository/repository.go:349.62,351.3 1 0
github.com/ESGI-M2/GO/orm/core/repository/repository.go:353.2,353.12 1 0
github.com/ESGI-M2/GO/orm/core/repository/repository.go:357.63,358.29 1 0
github.com/ESGI-M2/GO/orm/core/repository/repository.go:358.29,360.3 1 0
github.com/ESGI-M2/GO/orm/core/repository/repository.go:362.2,364.16 3 0
github.com/ESGI-M2/GO/orm/core/repository/repository.go:364.16,366.3 1 0
github.com/ESGI-M2/GO/orm/core/repository/repository.go:367.2,367.43 1 0
github.com/ESGI-M2/GO/orm/core/repository/repository.go:371.75,372.29 1 0
github.com/ESGI-M2/GO/orm/core/repository/repository.go:372.29,374.3 1 0
github.com/ESGI-M2/GO/orm/core/repository/repository.go:376.2,378.37 2 0
github.com/ESGI-M2/GO/orm/core/repository/repository.go:378.37,380.3 1 0
github.com/ESGI-M2/GO/orm/core/repository/repository.go:382.2,383.16 2 0
github.com/ESGI-M2/GO/orm/core/repository/repository.go:383.16,385.3 1 0
github.com/ESGI-M2/GO/orm/core/repository/repository.go:387.2,387.33 1 0
github.com/ESGI-M2/GO/orm/core/repository/repository.go:387.33,388.43 1 0
github.com/ESGI-M2/GO/orm/core/repository/repository.go:388.43,390.4 1 0
github.com/ESGI-M2/GO/orm/core/repository/repository.go:393.2,393.12 1 0
github.com/ESGI-M2/GO/orm/core/repository/repository.go:397.88,398.50 1 0
github.com/ESGI-M2/GO/orm/core/repository/repository.go:398.50,402.3 1 0
github.com/ESGI-M2/GO/orm/core/repository/repository.go:403.2,403.10 1 0
github.com/ESGI-M2/GO/orm/core/repository/repository.go:407.78,410.6 2 0
github.com/ESGI-M2/GO/orm/core/repository/repository.go:410.6,413.17 3 0
github.com/ESGI-M2/GO/orm/core/repository/repository.go:413.17,415.4 1 0
github.com/ESGI-M2/GO/orm/core/repository/repository.go:417.3,417.24 1 0
github.com/ESGI-M2/GO/orm/core/repository/repository.go:417.24,418.9 1 0
github.com/ESGI-M2/GO/orm/core/repository/repository.go:421.3,422.35 2 0
github.com/ESGI-M2/GO/orm/core/repository/repository.go:422.35,424.4 1 0
github.com/ESGI-M2/GO/orm/core/repository/repository.go:426.3,426.26 1 0
github.com/ESGI-M2/GO/orm/core/repository/repository.go:426.26,427.9 1 0
github.com/ESGI-M2/GO/orm/core/repository/repository.go:430.3,430.17 1 0
github.com/ESGI-M2/GO/orm/core/repository/repository.go:433.2,433.12 1 0
github.com/ESGI-M2/GO/orm/core/repository/repository.go:437.65,438.52 1 0
github.com/ESGI-M2/GO/orm/core/repository/repository.go:438.52,439.21 1 0
github.com/ESGI-M2/GO/orm/core/repository/repository.go:439.21,441.4 1 0
github.com/ESGI-M2/GO/orm/core/repository/repository.go:442.3,442.13 1 0
github.com/ESGI-M2/GO/orm/core/repository/repository.go:447.69,450.16 3 0
github.com/ESGI-M2/GO/orm/core/repository/repository.go:450.16,452.3 1 0
github.com/ESGI-M2/GO/orm/core/repository/repository.go:454.2,455.33 2 0
github.com/ESGI-M2/GO/orm/core/repository/repository.go:455.33,456.45 1 0
github.com/ESGI-M2/GO/orm/core/repository/repository.go:456.45,458.4 1 0
github.com/ESGI-M2/GO/orm/core/repository/repository.go:461.2,461.20 1 0
github.com/ESGI-M2/GO/orm/core/repository/repository.go:465.67,468.16 3 0
github.com/ESGI-M2/GO/orm/core/repository/repository.go:468.16,470.3 1 0
github.com/ESGI-M2/GO/orm/core/repository/repository.go:472.2,472.44 1 0
github.com/ESGI-M2/GO/orm/core/repository/repository.go:472.44,474.3 1 0
github.com/ESGI-M2/GO/orm/core/repository/repository.go:476.2,476.17 1 0
github.com/ESGI-M2/GO/orm/core/repository/repository.go:480.49,482.2 1 0
github.com/ESGI-M2/GO/orm/core/repository/repository.go:485.63,487.2 1 0
github.com/ESGI-M2/GO/orm/core/repository/repository.go:490.76,491.23 1 0
github.com/ESGI-M2/GO/orm/core/repository/repository.go:491.23,493.3 1 0
github.com/ESGI-M2/GO/orm/core/repository/repository.go:494.2,496.16 3 0
github.com/ESGI-M2/GO/orm/core/repository/repository.go:496.16,498.3 1 0
github.com/ESGI-M2/GO/orm/core/repository/repository.go:499.2,499.12 1 0
github.com/ESGI-M2/GO/orm/core/repository/repository.go:503.76,504.23 1 0
github.com/ESGI-M2/GO/orm/core/repository/repository.go:504.23,506.3 1 0
github.com/ESGI-M2/GO/orm/core/repository/repository.go:507.2,509.16 3 0
github.com/ESGI-M2/GO/orm/core/repository/repository.go:509.16,511.3 1 0
github.com/ESGI-M2/GO/orm/core/repository/repository.go:512.2,512.12 1 0
github.com/ESGI-M2/GO/orm/core/repository/repository.go:518.82,519.29 1 0
github.com/ESGI-M2/GO/orm/core/repository/repository.go:519.29,521.3 1 0
github.com/ESGI-M2/GO/orm/core/repository/repository.go:523.2,525.18 2 0
github.com/ESGI-M2/GO/orm/core/repository/repository.go:526.22,527.40 1 0
github.com/ESGI-M2/GO/orm/core/repository/repository.go:528.21,529.39 1 0
github.com/ESGI-M2/GO/orm/core/repository/repository.go:530.22,531.40 1 0
github.com/ESGI-M2/GO/orm/core/repository/repository.go:532.21,533.39 1 0
github.com/ESGI-M2/GO/orm/core/repository/repository.go:534.22,535.40 1 0
github.com/ESGI-M2/GO/orm/core/repository/repository.go:536.21,537.39 1 0
github.com/ESGI-M2/GO/orm/core/repository/repository.go:538.20,539.38 1 0
github.com/ESGI-M2/GO/orm/core/repository/repository.go:540.19,541.37 1 0
github.com/ESGI-M2/GO/orm/core/repository/repository.go:544.2,544.29 1 0
github.com/ESGI-M2/GO/orm/core/repository/repository.go:544.29,545.38 1 0
github.com/ESGI-M2/GO/orm/core/repository/repository.go:545.38,547.4 1 0
github.com/ESGI-M2/GO/orm/core/repository/repository.go:550.2,550.12 1 0
github.com/ESGI-M2/GO/orm/core/repository/repository.go:554.75,555.28 1 0
github.com/ESGI-M2/GO/orm/core/repository/repository.go:555.28,557.3 1 0
github.com/ESGI-M2/GO/orm/core/repository/repository.go:559.2,560.39 2 0
github.com/ESGI-M2/GO/orm/core/repository/repository.go:560.39,562.3 1 0
github.com/ESGI-M2/GO/orm/core/repository/repository.go:564.2,566.44 2 0
github.com/ESGI-M2/GO/orm/core/repository/repository.go:566.44,567.96 1 0
github.com/ESGI-M2/GO/orm/core/repository/repository.go:567.96,569.4 1 0
github.com/ESGI-M2/GO/orm/core/repository/repository.go:572.2,572.32 1 0
github.com/ESGI-M2/GO/orm/core/repository/repository.go:572.32,573.96 1 0
github.com/ESGI-M2/GO/orm/core/repository/repository.go:573.96,575.4 1 0
github.com/ESGI-M2/GO/orm/core/repository/repository.go:580.59,581.32 1 0
github.com/ESGI-M2/GO/orm/core/repository/repository.go:581.32,583.3 1 0
github.com/ESGI-M2/GO/orm/core/repository/repository.go:585.2,586.39 2 0
github.com/ESGI-M2/GO/orm/core/repository/repository.go:586.39,588.3 1 0
github.com/ESGI-M2/GO/orm/core/repository/repository.go:590.2,590.95 1 0
github.com/ESGI-M2/GO/orm/core/repository/repository.go:590.95,592.3 1 0
github.com/ESGI-M2/GO/orm/core/repository/repository.go:596.61,597.32 1 0
github.com/ESGI-M2/GO/orm/core/repository/repository.go:597.32,599.3 1 0
github.com/ESGI-M2/GO/orm/core/repository/repository.go:601.2,602.39 2 0
github.com/ESGI-M2/GO/orm/core/repository/repository.go:602.39,604.3 1 0
github.com/ESGI-M2/GO/orm/core/repository/repository.go:606.2,606.95 1 0
github.com/ESGI-M2/GO/orm/core/repository/repository.go:606.95,608.3 1 0
github.com/ESGI-M2/GO/orm/core/repository/repository.go:612.90,614.28 2 0
github.com/ESGI-M2/GO/orm/core/repository/repository.go:614.28,616.3 1 0
github.com/ESGI-M2/GO/orm/core/repository/repository.go:617.2,617.15 1 0
github.com/ESGI-M2/GO/orm/core/query/builder.go:51.86,69.2 1 0
github.com/ESGI-M2/GO/orm/core/query/builder.go:72.86,79.2 1 0
github.com/ESGI-M2/GO/orm/core/query/builder.go:82.73,83.19 1 0
github.com/ESGI-M2/GO/orm/core/query/builder.go:83.19,85.3 1 0
github.com/ESGI-M2/GO/orm/core/query/builder.go:87.2,87.22 1 0
github.com/ESGI-M2/GO/orm/core/query/builder.go:87.22,89.3 1 0
github.com/ESGI-M2/GO/orm/core/query/builder.go:89.8,91.3 1 0
github.com/ESGI-M2/GO/orm/core/query/builder.go:92.2,92.11 1 0
github.com/ESGI-M2/GO/orm/core/query/builder.go:96.67,97.19 1 0
github.com/ESGI-M2/GO/orm/core/query/builder.go:97.19,99.3 1 0
github.com/ESGI-M2/GO/orm/core/query/builder.go:100.2,101.11 2 0
github.com/ESGI-M2/GO/orm/core/query/builder.go:105.97,106.19 1 0
github.com/ESGI-M2/GO/orm/core/query/builder.go:106.19,108.3 1 0
github.com/ESGI-M2/GO/orm/core/query/builder.go:110.2,117.18 2 0
github.com/ESGI-M2/GO/orm/core/query/builder.go:117.18,119.3 1 0
github.com/ESGI-M2/GO/orm/core/query/builder.go:121.2,121.11 1 0
github.com/ESGI-M2/GO/orm/core/query/builder.go:125.92,126.19 1 0
github.com/ESGI-M2/GO/orm/core/query/builder.go:126.19,128.3 1 0
github.com/ESGI-M2/GO/orm/core/query/builder.go:130.2,130.22 1 0
github.com/ESGI-M2/GO/orm/core/query/builder.go:130.22,132.3 1 0
github.com/ESGI-M2/GO/orm/core/query/builder.go:134.2,135.24 2 0
github.com/ESGI-M2/GO/orm/core/query/builder.go:135.24,138.3 2 0
github.com/ESGI-M2/GO/orm/core/query/builder.go:140.2,148.11 3 0
github.com/ESGI-M2/GO/orm/core/query/builder.go:152.95,153.19 1 0
github.com/ESGI-M2/GO/orm/core/query/builder.go:153.19,155.3 1 0
github.com/ESGI-M2/GO/orm/core/query/builder.go:157.2,157.22 1 0
github.com/ESGI-M2/GO/orm/core/query/builder.go:157.22,159.3 1 0
github.com/ESGI-M2/GO/orm/core/query/builder.go:161.2,162.24 2 0
github.com/ESGI-M2/GO/orm/core/query/builder.go:162.24,165.3 2 0
github.com/ESGI-M2/GO/orm/core/query/builder.go:167.2,175.11 3 0
github.com/ESGI-M2/GO/orm/core/query/builder.go:179.97,180.19 1 0
github.com/ESGI-M2/GO/orm/core/query/builder.go:180.19,182.3 1 0
github.com/ESGI-M2/GO/orm/core/query/builder.go:184.2,184.26 1 0
github.com/ESGI-M2/GO/orm/core/query/builder.go:184.26,186.3 1 0
github.com/ESGI-M2/GO/orm/core/query/builder.go:189.2,190.39 2 0
github.com/ESGI-M2/GO/orm/core/query/builder.go:190.39,191.28 1 0
github.com/ESGI-M2/GO/orm/core/query/builder.go:191.28,192.58 1 0
github.com/ESGI-M2/GO/orm/core/query/builder.go:192.58,195.5 2 0
github.com/ESGI-M2/GO/orm/core/query/builder.go:195.10,195.36 1 0
github.com/ESGI-M2/GO/orm/core/query/builder.go:195.36,197.5 1 0
github.com/ESGI-M2/GO/orm/core/query/builder.go:201.2,201.27 1 0
github.com/ESGI-M2/GO/orm/core/query/builder.go:201.27,209.3 2 0
github.com/ESGI-M2/GO/orm/core/query/builder.go:211.2,211.11 1 0
github.com/ESGI-M2/GO/orm/core/query/builder.go:215.96,216.19 1 0
github.com/ESGI-M2/GO/orm/core/query/builder.go:216.19,218.3 1 0
github.com/ESGI-M2/GO/orm/core/query/builder.go:221.2,223.33 3 0
github.com/ESGI-M2/GO/orm/core/query/builder.go:223.33,226.3 2 0
github.com/ESGI-M2/GO/orm/core/query/builder.go:228.2,237.11 3 0
github.com/ESGI-M2/GO/orm/core/query/builder.go:241.97,242.19 1 0
github.com/ESGI-M2/GO/orm/core/query/builder.go:242.19,244.3 1 0
github.com/ESGI-M2/GO/orm/core/query/builder.go:246.2,254.11 3 0
github.com/ESGI-M2/GO/orm/core/query/builder.go:258.100,259.19 1 0
github.com/ESGI-M2/GO/orm/core/query/builder.go:259.19,261.3 1 0
github.com/ESGI-M2/GO/orm/core/query/builder.go:263.2,271.11 3 0
github.com/ESGI-M2/GO/orm/core/query/builder.go:275.72,276.19 1 0
github.com/ESGI-M2/GO/orm/core/query/builder.go:276.19,278.3 1 0
github.com/ESGI-M2/GO/orm/core/query/builder.go:280.2,287.11 2 0
github.com/ESGI-M2/GO/orm/core/query/builder.go:291.75,292.19 1 0
github.com/ESGI-M2/GO/orm/core/query/builder.go:292.19,294.3 1 0
github.com/ESGI-M2/GO/orm/core/query/builder.go:296.2,303.11 2 0
github.com/ESGI-M2/GO/orm/core/query/builder.go:307.81,308.19 1 0
github.com/ESGI-M2/GO/orm/core/query/builder.go:308.19,310.3 1 0
github.com/ESGI-M2/GO/orm/core/query/builder.go:312.2,320.11 3 0
github.com/ESGI-M2/GO/orm/core/query/builder.go:324.84,325.19 1 0
github.com/ESGI-M2/GO/orm/core/query/builder.go:325.19,327.3 1 0
github.com/ESGI-M2/GO/orm/core/query/builder.go:329.2,337.11 3 0
github.com/ESGI-M2/GO/orm/core/query/builder.go:341.83,342.19 1 0
github.com/ESGI-M2/GO/orm/core/query/builder.go:342.19,344.3 1 0
github.com/ESGI-M2/GO/orm/core/query/builder.go:346.2,354.11 3 0
github.com/ESGI-M2/GO/orm/core/query/builder.go:358.86,359.19 1 0
github.com/ESGI-M2/GO/orm/core/query/builder.go:359.19,361.3 1 0
github.com/ESGI-M2/GO/orm/core/query/builder.go:363.2,371.11 3 0
github.com/ESGI-M2/GO/orm/core/query/builder.go:375.94,376.19 1 0
github.com/ESGI-M2/GO/orm/core/query/builder.go:376.19,378.3 1 0
github.com/ESGI-M2/GO/orm/core/query/builder.go:380.2,391.11 5 0
github.com/ESGI-M2/GO/orm/core/query/builder.go:395.129,396.19 1 0
github.com/ESGI-M2/GO/orm/core/query/builder.go:396.19,398.3 1 0
github.com/ESGI-M2/GO/orm/core/query/builder.go:400.2,404.11 4 0
github.com/ESGI-M2/GO/orm/core/query/builder.go:408.128,409.19 1 0
github.com/ESGI-M2/GO/orm/core/query/builder.go:409.19,411.3 1 0
github.com/ESGI-M2/GO/orm/core/query/builder.go:413.2,414.11 2 0
github.com/ESGI-M2/GO/orm/core/query/builder.go:418.75,419.19 1 0
github.com/ESGI-M2/GO/orm/core/query/builder.go:419.19,421.3 1 0
github.com/ESGI-M2/GO/orm/core/query/builder.go:423.2,424.11 2 0
github.com/ESGI-M2/GO/orm/core/query/builder.go:428.134,429.19 1 0
github.com/ESGI-M2/GO/orm/core/query/builder.go:429.19,431.3 1 0
github.com/ESGI-M2/GO/orm/core/query/builder.go:433.2,434.11 2 0
github.com/ESGI-M2/GO/orm/core/query/builder.go:438.119,439.19 1 0
github.com/ESGI-M2/GO/orm/core/query/builder.go:439.19,441.3 1 0
github.com/ESGI-M2/GO/orm/core/query/builder.go:443.2,447.24 4 0
github.com/ESGI-M2/GO/orm/core/query/builder.go:447.24,449.3 1 0
github.com/ESGI-M2/GO/orm/core/query/builder.go:451.2,451.11 1 0
github.com/ESGI-M2/GO/orm/core/query/builder.go:455.82,456.19 1 0
github.com/ESGI-M2/GO/orm/core/query/builder.go:456.19,458.3 1 0
github.com/ESGI-M2/GO/orm/core/query/builder.go:460.2,465.11 5 0
github.com/ESGI-M2/GO/orm/core/query/builder.go:469.60,470.19 1 0
github.com/ESGI-M2/GO/orm/core/query/builder.go:470.19,472.3 1 0
github.com/ESGI-M2/GO/orm/core/query/builder.go:474.2,475.11 2 0
github.com/ESGI-M2/GO/orm/core/query/builder.go:479.59,480.19 1 0
github.com/ESGI-M2/GO/orm/core/query/builder.go:480.19,482.3 1 0
github.com/ESGI-M2/GO/orm/core/query/builder.go:484.2,485.11 2 0
github.com/ESGI-M2/GO/orm/core/query/builder.go:489.59,490.19 1 0
github.com/ESGI-M2/GO/orm/core/query/builder.go:490.19,492.3 1 0
github.com/ESGI-M2/GO/orm/core/query/builder.go:494.2,495.11 2 0
github.com/ESGI-M2/GO/orm/core/query/builder.go:499.85,500.19 1 0
github.com/ESGI-M2/GO/orm/core/query/builder.go:500.19,502.3 1 0
github.com/ESGI-M2/GO/orm/core/query/builder.go:504.2,505.11 2 0
github.com/ESGI-M2/GO/orm/core/query/builder.go:509.88,510.19 1 0
github.com/ESGI-M2/GO/orm/core/query/builder.go:510.19,512.3 1 0
github.com/ESGI-M2/GO/orm/core/query/builder.go:514.2,515.11 2 0
github.com/ESGI-M2/GO/orm/core/query/builder.go:519.70,520.19 1 0
github.com/ESGI-M2/GO/orm/core/query/builder.go:520.19,522.3 1 0
github.com/ESGI-M2/GO/orm/core/query/builder.go:524.2,525.11 2 0
github.com/ESGI-M2/GO/orm/core/query/builder.go:529.63,530.19 1 0
github.com/ESGI-M2/GO/orm/core/query/builder.go:530.19,532.3 1 0
github.com/ESGI-M2/GO/orm/core/query/builder.go:534.2,536.11 3 0
github.com/ESGI-M2/GO/orm/core/query/builder.go:540.63,541.19 1 0
github.com/ESGI-M2/GO/orm/core/query/builder.go:541.19,543.3 1 0
github.com/ESGI-M2/GO/orm/core/query/builder.go:545.2,546.11 2 0
github.com/ESGI-M2/GO/orm/core/query/builder.go:550.81,551.19 1 0
github.com/ESGI-M2/GO/orm/core/query/builder.go:551.19,553.3 1 0
github.com/ESGI-M2/GO/orm/core/query/builder.go:555.2,555.21 1 0
github.com/ESGI-M2/GO/orm/core/query/builder.go:555.21,557.3 1 0
github.com/ESGI-M2/GO/orm/core/query/builder.go:559.2,564.11 2 0
github.com/ESGI-M2/GO/orm/core/query/builder.go:568.74,569.19 1 0
github.com/ESGI-M2/GO/orm/core/query/builder.go:569.19,571.3 1 0
github.com/ESGI-M2/GO/orm/core/query/builder.go:572.2,573.11 2 0
github.com/ESGI-M2/GO/orm/core/query/builder.go:577.94,578.19 1 0
github.com/ESGI-M2/GO/orm/core/query/builder.go:578.19,580.3 1 0
github.com/ESGI-M2/GO/orm/core/query/builder.go:581.2,583.11 3 0
github.com/ESGI-M2/GO/orm/core/query/builder.go:587.65,588.19 1 0
github.com/ESGI-M2/GO/orm/core/query/builder.go:588.19,590.3 1 0
github.com/ESGI-M2/GO/orm/core/query/builder.go:591.2,592.11 2 0
github.com/ESGI-M2/GO/orm/core/query/builder.go:596.67,597.19 1 0
github.com/ESGI-M2/GO/orm/core/query/builder.go:597.19,599.3 1 0
github.com/ESGI-M2/GO/orm/core/query/builder.go:600.2,601.11 2 0
github.com/ESGI-M2/GO/orm/core/query/builder.go:605.78,607.2 1 0
github.com/ESGI-M2/GO/orm/core/query/builder.go:610.82,612.2 1 0
github.com/ESGI-M2/GO/orm/core/query/builder.go:615.83,617.2 1 0
github.com/ESGI-M2/GO/orm/core/query/builder.go:620.83,622.2 1 0
github.com/ESGI-M2/GO/orm/core/query/builder.go:625.91,626.19 1 0
github.com/ESGI-M2/GO/orm/core/query/builder.go:626.19,628.3 1 0
github.com/ESGI-M2/GO/orm/core/query/builder.go:630.2,636.11 2 0
github.com/ESGI-M2/GO/orm/core/query/builder.go:640.85,642.2 1 0
github.com/ESGI-M2/GO/orm/core/query/builder.go:645.40,646.21 1 0
github.com/ESGI-M2/GO/orm/core/query/builder.go:646.21,648.3 1 0
github.com/ESGI-M2/GO/orm/core/query/builder.go:650.2,653.17 2 0
github.com/ESGI-M2/GO/orm/core/query/builder.go:653.17,655.3 1 0
github.com/ESGI-M2/GO/orm/core/query/builder.go:655.8,657.3 1 0
github.com/ESGI-M2/GO/orm/core/query/builder.go:660.2,663.32 2 0
github.com/ESGI-M2/GO/orm/core/query/builder.go:663.32,665.3 1 0
github.com/ESGI-M2/GO/orm/core/query/builder.go:668.2,668.23 1 0
github.com/ESGI-M2/GO/orm/core/query/builder.go:668.23,670.38 2 0
github.com/ESGI-M2/GO/orm/core/query/builder.go:670.38,671.29 1 0
github.com/ESGI-M2/GO/orm/core/query/builder.go:671.29,672.59 1 0
github.com/ESGI-M2/GO/orm/core/query/builder.go:672.59,674.6 1 0
github.com/ESGI-M2/GO/orm/core/query/builder.go:674.11,674.37 1 0
github.com/ESGI-M2/GO/orm/core/query/builder.go:674.37,676.6 1 0
github.com/ESGI-M2/GO/orm/core/query/builder.go:679.3,679.26 1 0
github.com/ESGI-M2/GO/orm/core/query/builder.go:679.26,681.4 1 0
github.com/ESGI-M2/GO/orm/core/query/builder.go:685.2,685.25 1 0
github.com/ESGI-M2/GO/orm/core/query/builder.go:685.25,687.3 1 0
github.com/ESGI-M2/GO/orm/core/query/builder.go:690.2,690.21 1 0
github.com/ESGI-M2/GO/orm/core/query/builder.go:690.21,692.3 1 0
github.com/ESGI-M2/GO/orm/core/query/builder.go:695.2,695.25 1 0
github.com/ESGI-M2/GO/orm/core/query/builder.go:695.25,697.36 2 0
github.com/ESGI-M2/GO/orm/core/query/builder.go:697.36,699.4 1 0
github.com/ESGI-M2/GO/orm/core/query/builder.go:700.3,700.64 1 0
github.com/ESGI-M2/GO/orm/core/query/builder.go:704.2,704.18 1 0
github.com/ESGI-M2/GO/orm/core/query/builder.go:704.18,706.3 1 0
github.com/ESGI-M2/GO/orm/core/query/builder.go:709.2,709.19 1 0
github.com/ESGI-M2/GO/orm/core/query/builder.go:709.19,711.3 1 0
github.com/ESGI-M2/GO/orm/core/query/builder.go:714.2,714.23 1 0
github.com/ESGI-M2/GO/orm/core/query/builder.go:714.23,716.3 1 0
github.com/ESGI-M2/GO/orm/core/query/builder.go:718.2,718.33 1 0
github.com/ESGI-M2/GO/orm/core/query/builder.go:722.48,723.21 1 0
github.com/ESGI-M2/GO/orm/core/query/builder.go:723.21,725.3 1 0
github.com/ESGI-M2/GO/orm/core/query/builder.go:727.2,730.13 4 0
github.com/ESGI-M2/GO/orm/core/query/execution.go:15.65,16.19 1 0
github.com/ESGI-M2/GO/orm/core/query/execution.go:16.19,18.3 1 0
github.com/ESGI-M2/GO/orm/core/query/execution.go:21.2,21.17 1 0
github.com/ESGI-M2/GO/orm/core/query/execution.go:21.17,22.48 1 0
github.com/ESGI-M2/GO/orm/core/query/execution.go:22.48,24.4 1 0
github.com/ESGI-M2/GO/orm/core/query/execution.go:27.2,27.21 1 0
github.com/ESGI-M2/GO/orm/core/query/execution.go:27.21,29.3 1 0
github.com/ESGI-M2/GO/orm/core/query/execution.go:31.2,33.16 3 0
github.com/ESGI-M2/GO/orm/core/query/execution.go:33.16,35.3 1 0
github.com/ESGI-M2/GO/orm/core/query/execution.go:36.2,36.17 1 0
github.com/ESGI-M2/GO/orm/core/query/execution.go:36.17,38.3 1 0
github.com/ESGI-M2/GO/orm/core/query/execution.go:40.2,41.16 2 0
github.com/ESGI-M2/GO/orm/core/query/execution.go:41.16,43.3 1 0
github.com/ESGI-M2/GO/orm/core/query/execution.go:46.2,46.31 1 0
github.com/ESGI-M2/GO/orm/core/query/execution.go:46.31,48.17 2 0
github.com/ESGI-M2/GO/orm/core/query/execution.go:48.17,50.4 1 0
github.com/ESGI-M2/GO/orm/core/query/execution.go:54.2,54.17 1 0
github.com/ESGI-M2/GO/orm/core/query/execution.go:54.17,56.3 1 0
github.com/ESGI-M2/GO/orm/core/query/execution.go:58.2,58.21 1 0
github.com/ESGI-M2/GO/orm/core/query/execution.go:62.66,63.19 1 0
github.com/ESGI-M2/GO/orm/core/query/execution.go:63.19,65.3 1 0
github.com/ESGI-M2/GO/orm/core/query/execution.go:68.2,68.17 1 0
github.com/ESGI-M2/GO/orm/core/query/execution.go:68.17,69.48 1 0
github.com/ESGI-M2/GO/orm/core/query/execution.go:69.48,70.23 1 0
github.com/ESGI-M2/GO/orm/core/query/execution.go:70.23,72.5 1 0
github.com/ESGI-M2/GO/orm/core/query/execution.go:73.4,73.19 1 0
github.com/ESGI-M2/GO/orm/core/query/execution.go:77.2,77.21 1 0
github.com/ESGI-M2/GO/orm/core/query/execution.go:77.21,79.17 2 0
github.com/ESGI-M2/GO/orm/core/query/execution.go:79.17,81.4 1 0
github.com/ESGI-M2/GO/orm/core/query/execution.go:82.3,82.24 1 0
github.com/ESGI-M2/GO/orm/core/query/execution.go:82.24,84.4 1 0
github.com/ESGI-M2/GO/orm/core/query/execution.go:85.3,85.25 1 0
github.com/ESGI-M2/GO/orm/core/query/execution.go:89.2,94.16 5 0
github.com/ESGI-M2/GO/orm/core/query/execution.go:94.16,96.3 1 0
github.com/ESGI-M2/GO/orm/core/query/execution.go:97.2,97.17 1 0
github.com/ESGI-M2/GO/orm/core/query/execution.go:97.17,99.3 1 0
github.com/ESGI-M2/GO/orm/core/query/execution.go:101.2,102.16 2 0
github.com/ESGI-M2/GO/orm/core/query/execution.go:102.16,104.3 1 0
github.com/ESGI-M2/GO/orm/core/query/execution.go:107.2,109.23 2 0
github.com/ESGI-M2/GO/orm/core/query/execution.go:109.23,111.3 1 0
github.com/ESGI-M2/GO/orm/core/query/execution.go:113.2,116.31 2 0
github.com/ESGI-M2/GO/orm/core/query/execution.go:116.31,118.17 2 0
github.com/ESGI-M2/GO/orm/core/query/execution.go:118.17,120.4 1 0
github.com/ESGI-M2/GO/orm/core/query/execution.go:121.3,121.23 1 0
github.com/ESGI-M2/GO/orm/core/query/execution.go:121.23,123.4 1 0
github.com/ESGI-M2/GO/orm/core/query/execution.go:127.2,127.17 1 0
github.com/ESGI-M2/GO/orm/core/query/execution.go:127.17,129.3 1 0
github.com/ESGI-M2/GO/orm/core/query/execution.go:131.2,131.20 1 0
github.com/ESGI-M2/GO/orm/core/query/execution.go:135.47,136.19 1 0
github.com/ESGI-M2/GO/orm/core/query/execution.go:136.19,138.3 1 0
github.com/ESGI-M2/GO/orm/core/query/execution.go:140.2,140.21 1 0
github.com/ESGI-M2/GO/orm/core/query/execution.go:140.21,142.3 1 0
github.com/ESGI-M2/GO/orm/core/query/execution.go:145.2,145.17 1 0
github.com/ESGI-M2/GO/orm/core/query/execution.go:145.17,146.53 1 0
github.com/ESGI-M2/GO/orm/core/query/execution.go:146.53,148.4 1 0
github.com/ESGI-M2/GO/orm/core/query/execution.go:152.2,159.16 6 0
github.com/ESGI-M2/GO/orm/core/query/execution.go:159.16,161.17 2 0
github.com/ESGI-M2/GO/orm/core/query/execution.go:161.17,163.4 1 0
github.com/ESGI-M2/GO/orm/core/query/execution.go:164.8,166.3 1 0
github.com/ESGI-M2/GO/orm/core/query/execution.go:169.2,172.17 2 0
github.com/ESGI-M2/GO/orm/core/query/execution.go:172.17,174.3 1 0
github.com/ESGI-M2/GO/orm/core/query/execution.go:176.2,176.19 1 0
github.com/ESGI-M2/GO/orm/core/query/execution.go:180.47,181.19 1 0
github.com/ESGI-M2/GO/orm/core/query/execution.go:181.19,183.3 1 0
github.com/ESGI-M2/GO/orm/core/query/execution.go:185.2,185.21 1 0
github.com/ESGI-M2/GO/orm/core/query/execution.go:185.21,187.17 2 0
github.com/ESGI-M2/GO/orm/core/query/execution.go:187.17,189.4 1 0
github.com/ESGI-M2/GO/orm/core/query/execution.go:190.3,190.31 1 0
github.com/ESGI-M2/GO/orm/core/query/execution.go:194.2,194.17 1 0
github.com/ESGI-M2/GO/orm/core/query/execution.go:194.17,195.54 1 0
github.com/ESGI-M2/GO/orm/core/query/execution.go:195.54,197.4 1 0
github.com/ESGI-M2/GO/orm/core/query/execution.go:201.2,210.16 7 0
github.com/ESGI-M2/GO/orm/core/query/execution.go:210.16,212.3 1 0
github.com/ESGI-M2/GO/orm/core/query/execution.go:214.2,215.17 2 0
github.com/ESGI-M2/GO/orm/core/query/execution.go:215.17,218.3 2 0
github.com/ESGI-M2/GO/orm/core/query/execution.go:218.8,220.3 1 0
github.com/ESGI-M2/GO/orm/core/query/execution.go:223.2,227.17 3 0
github.com/ESGI-M2/GO/orm/core/query/execution.go:227.17,229.3 1 0
github.com/ESGI-M2/GO/orm/core/query/execution.go:231.2,231.20 1 0
github.com/ESGI-M2/GO/orm/core/query/execution.go:235.90,236.19 1 0
github.com/ESGI-M2/GO/orm/core/query/execution.go:236.19,238.3 1 0
github.com/ESGI-M2/GO/orm/core/query/execution.go:241.2,242.16 2 0
github.com/ESGI-M2/GO/orm/core/query/execution.go:242.16,244.3 1 0
github.com/ESGI-M2/GO/orm/core/query/execution.go:247.2,251.16 3 0
github.com/ESGI-M2/GO/orm/core/query/execution.go:251.16,253.3 1 0
github.com/ESGI-M2/GO/orm/core/query/execution.go:256.2,270.8 5 0
github.com/ESGI-M2/GO/orm/core/query/execution.go:274.44,278.17 2 0
github.com/ESGI-M2/GO/orm/core/query/execution.go:278.17,280.3 1 0
github.com/ESGI-M2/GO/orm/core/query/execution.go:280.8,282.3 1 0
github.com/ESGI-M2/GO/orm/core/query/execution.go:285.2,288.32 2 0
github.com/ESGI-M2/GO/orm/core/query/execution.go:288.32,290.3 1 0
github.com/ESGI-M2/GO/orm/core/query/execution.go:293.2,293.23 1 0
github.com/ESGI-M2/GO/orm/core/query/execution.go:293.23,296.38 3 0
github.com/ESGI-M2/GO/orm/core/query/execution.go:296.38,297.29 1 0
github.com/ESGI-M2/GO/orm/core/query/execution.go:297.29,298.22 1 0
github.com/ESGI-M2/GO/orm/core/query/execution.go:298.22,301.6 1 0
github.com/ESGI-M2/GO/orm/core/query/execution.go:301.11,301.66 1 0
github.com/ESGI-M2/GO/orm/core/query/execution.go:301.66,304.6 2 0
github.com/ESGI-M2/GO/orm/core/query/execution.go:304.11,304.37 1 0
github.com/ESGI-M2/GO/orm/core/query/execution.go:304.37,306.6 1 0
github.com/ESGI-M2/GO/orm/core/query/execution.go:309.3,309.26 1 0
github.com/ESGI-M2/GO/orm/core/query/execution.go:309.26,311.4 1 0
github.com/ESGI-M2/GO/orm/core/query/execution.go:315.2,315.25 1 0
github.com/ESGI-M2/GO/orm/core/query/execution.go:315.25,317.3 1 0
github.com/ESGI-M2/GO/orm/core/query/execution.go:320.2,320.21 1 0
github.com/ESGI-M2/GO/orm/core/query/execution.go:320.21,322.3 1 0
github.com/ESGI-M2/GO/orm/core/query/execution.go:325.2,325.25 1 0
github.com/ESGI-M2/GO/orm/core/query/execution.go:325.25,327.36 2 0
github.com/ESGI-M2/GO/orm/core/query/execution.go:327.36,329.4 1 0
github.com/ESGI-M2/GO/orm/core/query/execution.go:330.3,330.64 1 0
github.com/ESGI-M2/GO/orm/core/query/execution.go:334.2,334.18 1 0
github.com/ESGI-M2/GO/orm/core/query/execution.go:334.18,336.3 1 0
github.com/ESGI-M2/GO/orm/core/query/execution.go:339.2,339.19 1 0
github.com/ESGI-M2/GO/orm/core/query/execution.go:339.19,341.3 1 0
github.com/ESGI-M2/GO/orm/core/query/execution.go:344.2,344.23 1 0
github.com/ESGI-M2/GO/orm/core/query/execution.go:344.23,346.3 1 0
github.com/ESGI-M2/GO/orm/core/query/execution.go:348.2,348.33 1 0
github.com/ESGI-M2/GO/orm/core/query/execution.go:352.71,354.16 2 0
github.com/ESGI-M2/GO/orm/core/query/execution.go:354.16,356.3 1 0
github.com/ESGI-M2/GO/orm/core/query/execution.go:357.2,357.17 1 0
github.com/ESGI-M2/GO/orm/core/query/execution.go:357.17,359.3 1 0
github.com/ESGI-M2/GO/orm/core/query/execution.go:361.2,361.26 1 0
github.com/ESGI-M2/GO/orm/core/query/execution.go:365.83,366.17 1 0
github.com/ESGI-M2/GO/orm/core/query/execution.go:366.17,368.3 1 0
github.com/ESGI-M2/GO/orm/core/query/execution.go:370.2,371.16 2 0
github.com/ESGI-M2/GO/orm/core/query/execution.go:371.16,373.3 1 0
github.com/ESGI-M2/GO/orm/core/query/execution.go:375.2,376.18 2 0
github.com/ESGI-M2/GO/orm/core/query/execution.go:376.18,379.25 3 0
github.com/ESGI-M2/GO/orm/core/query/execution.go:379.25,381.4 1 0
github.com/ESGI-M2/GO/orm/core/query/execution.go:383.3,384.17 2 0
github.com/ESGI-M2/GO/orm/core/query/execution.go:384.17,386.4 1 0
github.com/ESGI-M2/GO/orm/core/query/execution.go:388.3,389.34 2 0
github.com/ESGI-M2/GO/orm/core/query/execution.go:389.34,391.18 2 0
github.com/ESGI-M2/GO/orm/core/query/execution.go:391.18,393.5 1 0
github.com/ESGI-M2/GO/orm/core/query/execution.go:395.3,395.33 1 0
github.com/ESGI-M2/GO/orm/core/query/execution.go:398.2,398.21 1 0
github.com/ESGI-M2/GO/orm/core/query/execution.go:402.106,403.23 1 0
github.com/ESGI-M2/GO/orm/core/query/execution.go:403.23,405.3 1 0
github.com/ESGI-M2/GO/orm/core/query/execution.go:408.2,409.33 2 0
github.com/ESGI-M2/GO/orm/core/query/execution.go:409.33,410.33 1 0
github.com/ESGI-M2/GO/orm/core/query/execution.go:410.33,412.4 1 0
github.com/ESGI-M2/GO/orm/core/query/execution.go:415.2,415.19 1 0
github.com/ESGI-M2/GO/orm/core/query/execution.go:415.19,417.3 1 0
github.com/ESGI-M2/GO/orm/core/query/execution.go:420.2,420.57 1 0
github.com/ESGI-M2/GO/orm/core/query/execution.go:420.57,430.17 5 0
github.com/ESGI-M2/GO/orm/core/query/execution.go:430.17,432.4 1 0
github.com/ESGI-M2/GO/orm/core/query/execution.go:435.3,436.50 2 0
github.com/ESGI-M2/GO/orm/core/query/execution.go:436.50,437.47 1 0
github.com/ESGI-M2/GO/orm/core/query/execution.go:437.47,439.5 1 0
github.com/ESGI-M2/GO/orm/core/query/execution.go:443.3,443.34 1 0
github.com/ESGI-M2/GO/orm/core/query/execution.go:443.34,444.34 1 0
github.com/ESGI-M2/GO/orm/core/query/execution.go:444.34,445.53 1 0
github.com/ESGI-M2/GO/orm/core/query/execution.go:445.53,447.6 1 0
github.com/ESGI-M2/GO/orm/core/query/execution.go:447.11,449.6 1 0
github.com/ESGI-M2/GO/orm/core/query/execution.go:454.2,454.21 1 0
github.com/ESGI-M2/GO/orm/core/query/execution.go:458.45,467.2 4 0
github.com/ESGI-M2/GO/orm/core/query/execution.go:470.72,474.2 1 0
github.com/ESGI-M2/GO/orm/core/query/execution.go:477.68,480.2 0 0
github.com/ESGI-M2/GO/orm/core/query/execution.go:483.58,485.2 1 0
github.com/ESGI-M2/GO/orm/core/query/execution.go:488.52,490.2 0 0
github.com/ESGI-M2/GO/orm/core/query/execution.go:493.58,495.2 1 0
github.com/ESGI-M2/GO/orm/core/query/execution.go:498.53,500.2 0 0
github.com/ESGI-M2/GO/orm/core/query/execution.go:503.88,505.28 2 0
github.com/ESGI-M2/GO/orm/core/query/execution.go:505.28,507.3 1 0
github.com/ESGI-M2/GO/orm/core/query/execution.go:508.2,508.15 1 0
github.com/ESGI-M2/GO/orm/core/connection/orm.go:26.50,33.2 1 0
[...]
github.com/ESGI-M2/GO/orm/core/connection/orm.go:198.16,200.3 1 0
github.com/ESGI-M2/GO/orm/core/connection/orm.go:202.2,202.68 1 0
github.com/ESGI-M2/GO/orm/core/connection/orm.go:206.54,208.16 2 0
github.com/ESGI-M2/GO/orm/core/connection/orm.go:208.16,210.3 1 0
github.com/ESGI-M2/GO/orm/core/connection/orm.go:212.2,212.48 1 0
github.com/ESGI-M2/GO/orm/core/connection/orm.go:216.35,220.36 3 0
github.com/ESGI-M2/GO/orm/core/connection/orm.go:220.36,222.17 2 0
github.com/ESGI-M2/GO/orm/core/connection/orm.go:222.17,224.4 1 0
github.com/ESGI-M2/GO/orm/core/connection/orm.go:226.3,226.14 1 0
github.com/ESGI-M2/GO/orm/core/connection/orm.go:226.14,227.86 1 0
github.com/ESGI-M2/GO/orm/core/connection/orm.go:227.86,229.5 1 0
github.com/ESGI-M2/GO/orm/core/connection/orm.go:233.2,233.12 1 0
github.com/ESGI-M2/GO/orm/core/connection/orm.go:237.75,237.87 1 0
github.com/ESGI-M2/GO/orm/core/connection/orm.go:238.75,238.87 1 0
github.com/ESGI-M2/GO/orm/core/connection/orm.go:239.75,239.87 1 0
github.com/ESGI-M2/GO/orm/core/connection/orm.go:240.75,240.87 1 0
github.com/ESGI-M2/GO/orm/core/connection/orm.go:249.81,251.2 1 0
github.com/ESGI-M2/GO/orm/core/connection/orm.go:254.45,256.2 1 0
github.com/ESGI-M2/GO/orm/core/connection/orm.go:259.44,261.2 1 0
github.com/ESGI-M2/GO/orm/core/connection/orm.go:264.91,266.2 1 0
github.com/ESGI-M2/GO/orm/core/connection/orm.go:269.91,271.2 1 0
github.com/ESGI-M2/GO/orm/core/connection/orm.go:274.84,276.2 1 0
github.com/ESGI-M2/GO/orm/core/connection/orm.go:279.71,281.2 1 0
github.com/ESGI-M2/GO/orm/core/connection/orm.go:284.113,286.2 1 0
github.com/ESGI-M2/GO/orm/core/connection/orm.go:289.96,291.2 1 0
github.com/ESGI-M2/GO/orm/core/connection/orm.go:294.65,296.2 1 0
github.com/ESGI-M2/GO/orm/core/connection/orm.go:299.75,301.2 1 0
github.com/ESGI-M2/GO/orm/core/connection/orm.go:304.70,306.2 1 0
github.com/ESGI-M2/GO/orm/core/connection/orm.go:309.64,310.23 1 0
github.com/ESGI-M2/GO/orm/core/connection/orm.go:310.23,312.3 1 0
github.com/ESGI-M2/GO/orm/core/connection/orm.go:313.2,313.12 1 0
github.com/ESGI-M2/GO/orm/core/connection/orm.go:317.73,317.86 1 0
github.com/ESGI-M2/GO/orm/core/connection/orm.go:318.73,318.86 1 0
github.com/ESGI-M2/GO/orm/core/connection/orm.go:319.73,319.86 1 0
github.com/ESGI-M2/GO/orm/core/connection/orm.go:320.73,320.86 1 0
github.com/ESGI-M2/GO/orm/core/transaction/transaction.go:19.81,21.2 1 0
github.com/ESGI-M2/GO/orm/core/transaction/transaction.go:24.45,26.2 1 0
github.com/ESGI-M2/GO/orm/core/transaction/transaction.go:29.44,31.2 1 0
github.com/ESGI-M2/GO/orm/core/transaction/transaction.go:34.91,36.2 1 0
github.com/ESGI-M2/GO/orm/core/transaction/transaction.go:39.91,41.2 1 0
github.com/ESGI-M2/GO/orm/core/transaction/transaction.go:44.84,46.2 1 0
github.com/ESGI-M2/GO/orm/core/transaction/transaction.go:49.71,51.2 1 0
github.com/ESGI-M2/GO/orm/core/transaction/transaction.go:54.113,56.2 1 0
github.com/ESGI-M2/GO/orm/core/transaction/transaction.go:59.96,61.2 1 0
github.com/ESGI-M2/GO/orm/core/transaction/transaction.go:64.65,66.2 1 0
github.com/ESGI-M2/GO/orm/core/transaction/transaction.go:69.75,71.2 1 0
github.com/ESGI-M2/GO/orm/core/transaction/transaction.go:74.70,76.2 1 0
github.com/ESGI-M2/GO/orm/core/transaction/transaction.go:79.64,81.2 1 0
github.com/ESGI-M2/GO/orm/core/transaction/transaction.go:84.74,86.2 1 0
github.com/ESGI-M2/GO/orm/core/transaction/transaction.go:89.58,91.2 1 0
github.com/ESGI-M2/GO/orm/core/transaction/transaction.go:94.56,96.2 1 0
github.com/ESGI-M2/GO/orm/core/transaction/transaction.go:99.55,101.2 1 0
github.com/ESGI-M2/GO/orm/core/transaction/transaction.go:104.80,106.16 2 0
github.com/ESGI-M2/GO/orm/core/transaction/transaction.go:106.16,108.3 1 0
github.com/ESGI-M2/GO/orm/core/transaction/transaction.go:111.2,118.15 2 0
github.com/ESGI-M2/GO/orm/core/transaction/transaction.go:118.15,119.31 1 0
github.com/ESGI-M2/GO/orm/core/transaction/transaction.go:119.31,121.12 2 0
github.com/ESGI-M2/GO/orm/core/transaction/transaction.go:125.2,125.34 1 0
github.com/ESGI-M2/GO/orm/core/transaction/transaction.go:125.34,126.43 1 0
github.com/ESGI-M2/GO/orm/core/transaction/transaction.go:126.43,128.4 1 0
github.com/ESGI-M2/GO/orm/core/transaction/transaction.go:129.3,129.13 1 0
github.com/ESGI-M2/GO/orm/core/transaction/transaction.go:132.2,132.20 1 0
github.com/ESGI-M2/GO/orm/core/transaction/transaction.go:136.112,138.16 2 0
github.com/ESGI-M2/GO/orm/core/transaction/transaction.go:138.16,140.3 1 0
github.com/ESGI-M2/GO/orm/core/transaction/transaction.go:143.2,150.15 2 0
github.com/ESGI-M2/GO/orm/core/transaction/transaction.go:150.15,151.31 1 0
github.com/ESGI-M2/GO/orm/core/transaction/transaction.go:151.31,153.12 2 0
github.com/ESGI-M2/GO/orm/core/transaction/transaction.go:157.2,157.34 1 0
github.com/ESGI-M2/GO/orm/core/transaction/transaction.go:157.34,158.43 1 0
github.com/ESGI-M2/GO/orm/core/transaction/transaction.go:158.43,160.4 1 0
github.com/ESGI-M2/GO/orm/core/transaction/transaction.go:161.3,161.13 1 0
github.com/ESGI-M2/GO/orm/core/transaction/transaction.go:164.2,164.20 1 0
github.com/ESGI-M2/GO/repository/entityRepository.go:9.53,12.2 2 0
github.com/ESGI-M2/GO/repository/entityRepository.go:15.72,16.18 1 0
github.com/ESGI-M2/GO/repository/entityRepository.go:16.18,18.3 1 0
github.com/ESGI-M2/GO/repository/entityRepository.go:20.2,21.40 2 0
github.com/ESGI-M2/GO/repository/entityRepository.go:21.40,23.3 1 0
github.com/ESGI-M2/GO/repository/entityRepository.go:25.2,26.40 2 0
github.com/ESGI-M2/GO/repository/entityRepository.go:26.40,28.33 2 0
github.com/ESGI-M2/GO/repository/entityRepository.go:28.33,30.4 1 0
github.com/ESGI-M2/GO/repository/entityRepository.go:32.3,32.36 1 0
github.com/ESGI-M2/GO/repository/entityRepository.go:32.36,34.4 1 0
github.com/ESGI-M2/GO/repository/entityRepository.go:37.2,37.15 1 0
github.com/ESGI-M2/GO/repository/entityRepository.go:41.58,44.36 2 0
github.com/ESGI-M2/GO/repository/entityRepository.go:44.36,48.27 3 0
github.com/ESGI-M2/GO/repository/entityRepository.go:48.27,50.4 1 0
github.com/ESGI-M2/GO/repository/entityRepository.go:53.2,53.15 1 0
github.com/ESGI-M2/GO/repository/entityRepository.go:56.85,60.26 3 0
github.com/ESGI-M2/GO/repository/entityRepository.go:60.26,61.71 1 0
github.com/ESGI-M2/GO/repository/entityRepository.go:61.71,63.4 1 0
github.com/ESGI-M2/GO/repository/entityRepository.go:66.2,66.15 1 0
github.com/ESGI-M2/GO/repository/entityRepository.go:69.86,71.22 2 0
github.com/ESGI-M2/GO/repository/entityRepository.go:71.22,73.3 1 0
github.com/ESGI-M2/GO/repository/entityRepository.go:74.2,74.12 1 0
github.com/ESGI-M2/GO/repository/entityRepository.go:77.83,81.26 3 0
github.com/ESGI-M2/GO/repository/entityRepository.go:81.26,83.36 2 0
github.com/ESGI-M2/GO/repository/entityRepository.go:83.36,84.54 1 0
github.com/ESGI-M2/GO/repository/entityRepository.go:84.54,86.10 2 0
github.com/ESGI-M2/GO/repository/entityRepository.go:89.3,89.12 1 0
github.com/ESGI-M2/GO/repository/entityRepository.go:89.12,91.4 1 0
github.com/ESGI-M2/GO/repository/entityRepository.go:93.2,93.15 1 0
github.com/ESGI-M2/GO/orm/dialect/mock_dialect.go:30.36,41.2 1 0
github.com/ESGI-M2/GO/orm/dialect/mock_dialect.go:44.73,45.17 1 0
github.com/ESGI-M2/GO/orm/dialect/mock_dialect.go:45.17,47.3 1 0
github.com/ESGI-M2/GO/orm/dialect/mock_dialect.go:48.2,49.12 2 0
github.com/ESGI-M2/GO/orm/dialect/mock_dialect.go:53.37,54.18 1 0
github.com/ESGI-M2/GO/orm/dialect/mock_dialect.go:54.18,56.3 1 0
github.com/ESGI-M2/GO/orm/dialect/mock_dialect.go:57.2,58.12 2 0
github.com/ESGI-M2/GO/orm/dialect/mock_dialect.go:62.36,63.18 1 0
github.com/ESGI-M2/GO/orm/dialect/mock_dialect.go:63.18,65.3 1 0
github.com/ESGI-M2/GO/orm/dialect/mock_dialect.go:66.2,66.12 1 0
github.com/ESGI-M2/GO/orm/dialect/mock_dialect.go:70.42,72.2 1 0
github.com/ESGI-M2/GO/orm/dialect/mock_dialect.go:75.44,77.2 1 0
github.com/ESGI-M2/GO/orm/dialect/mock_dialect.go:80.65,81.23 1 0
github.com/ESGI-M2/GO/orm/dialect/mock_dialect.go:82.22,83.24 1 0
github.com/ESGI-M2/GO/orm/dialect/mock_dialect.go:84.78,85.15 1 0
github.com/ESGI-M2/GO/orm/dialect/mock_dialect.go:86.83,87.16 1 0
github.com/ESGI-M2/GO/orm/dialect/mock_dialect.go:88.40,89.17 1 0
github.com/ESGI-M2/GO/orm/dialect/mock_dialect.go:90.20,91.19 1 0
github.com/ESGI-M2/GO/orm/dialect/mock_dialect.go:92.22,93.44 1 0
github.com/ESGI-M2/GO/orm/dialect/mock_dialect.go:93.44,95.4 1 0
github.com/ESGI-M2/GO/orm/dialect/mock_dialect.go:96.3,96.16 1 0
github.com/ESGI-M2/GO/orm/dialect/mock_dialect.go:97.10,98.16 1 0
github.com/ESGI-M2/GO/orm/dialect/mock_dialect.go:103.88,104.18 1 0
github.com/ESGI-M2/GO/orm/dialect/mock_dialect.go:104.18,106.3 1 0
github.com/ESGI-M2/GO/orm/dialect/mock_dialect.go:109.2,109.37 1 0
github.com/ESGI-M2/GO/orm/dialect/mock_dialect.go:109.37,112.3 2 0
github.com/ESGI-M2/GO/orm/dialect/mock_dialect.go:113.2,113.12 1 0
github.com/ESGI-M2/GO/orm/dialect/mock_dialect.go:117.57,118.18 1 0
github.com/ESGI-M2/GO/orm/dialect/mock_dialect.go:118.18,120.3 1 0
github.com/ESGI-M2/GO/orm/dialect/mock_dialect.go:122.2,124.12 3 0
github.com/ESGI-M2/GO/orm/dialect/mock_dialect.go:128.67,129.18 1 0
github.com/ESGI-M2/GO/orm/dialect/mock_dialect.go:129.18,131.3 1 0
github.com/ESGI-M2/GO/orm/dialect/mock_dialect.go:133.2,134.20 2 0
github.com/ESGI-M2/GO/orm/dialect/mock_dialect.go:138.62,140.2 1 0
github.com/ESGI-M2/GO/orm/dialect/mock_dialect.go:143.56,145.2 1 0
github.com/ESGI-M2/GO/orm/dialect/mock_dialect.go:148.66,150.2 1 0
github.com/ESGI-M2/GO/orm/dialect/mock_dialect.go:153.50,155.2 1 0
github.com/ESGI-M2/GO/orm/dialect/mock_dialect.go:158.48,160.2 1 0
github.com/ESGI-M2/GO/orm/dialect/mock_dialect.go:163.47,165.2 1 0
github.com/ESGI-M2/GO/orm/dialect/mock_dialect.go:168.114,174.29 4 0
github.com/ESGI-M2/GO/orm/dialect/mock_dialect.go:174.29,175.41 1 0
github.com/ESGI-M2/GO/orm/dialect/mock_dialect.go:175.41,177.9 2 0
github.com/ESGI-M2/GO/orm/dialect/mock_dialect.go:181.2,181.21 1 0
github.com/ESGI-M2/GO/orm/dialect/mock_dialect.go:181.21,183.3 1 0
github.com/ESGI-M2/GO/orm/dialect/mock_dialect.go:186.2,193.53 4 0
github.com/ESGI-M2/GO/orm/dialect/mock_dialect.go:193.53,197.3 3 0
github.com/ESGI-M2/GO/orm/dialect/mock_dialect.go:200.2,200.27 1 0
github.com/ESGI-M2/GO/orm/dialect/mock_dialect.go:200.27,201.26 1 0
github.com/ESGI-M2/GO/orm/dialect/mock_dialect.go:201.26,203.4 1 0
github.com/ESGI-M2/GO/orm/dialect/mock_dialect.go:206.2,206.31 1 0
github.com/ESGI-M2/GO/orm/dialect/mock_dialect.go:210.61,215.29 3 0
github.com/ESGI-M2/GO/orm/dialect/mock_dialect.go:215.29,216.41 1 0
github.com/ESGI-M2/GO/orm/dialect/mock_dialect.go:216.41,218.4 1 0
github.com/ESGI-M2/GO/orm/dialect/mock_dialect.go:221.2,221.11 1 0
github.com/ESGI-M2/GO/orm/dialect/mock_dialect.go:225.83,226.18 1 0
github.com/ESGI-M2/GO/orm/dialect/mock_dialect.go:226.18,228.3 1 0
github.com/ESGI-M2/GO/orm/dialect/mock_dialect.go:229.2,229.24 1 0
github.com/ESGI-M2/GO/orm/dialect/mock_dialect.go:229.24,231.3 1 0
github.com/ESGI-M2/GO/orm/dialect/mock_dialect.go:233.2,236.45 2 0
github.com/ESGI-M2/GO/orm/dialect/mock_dialect.go:236.45,238.17 2 0
github.com/ESGI-M2/GO/orm/dialect/mock_dialect.go:238.17,240.4 1 0
github.com/ESGI-M2/GO/orm/dialect/mock_dialect.go:243.3,243.38 1 0
github.com/ESGI-M2/GO/orm/dialect/mock_dialect.go:243.38,245.4 1 0
github.com/ESGI-M2/GO/orm/dialect/mock_dialect.go:248.3,252.44 3 0
github.com/ESGI-M2/GO/orm/dialect/mock_dialect.go:252.44,253.35 1 0
github.com/ESGI-M2/GO/orm/dialect/mock_dialect.go:253.35,255.5 1 0
github.com/ESGI-M2/GO/orm/dialect/mock_dialect.go:258.3,261.9 1 0
github.com/ESGI-M2/GO/orm/dialect/mock_dialect.go:265.2,265.45 1 0
github.com/ESGI-M2/GO/orm/dialect/mock_dialect.go:265.45,268.3 1 0
github.com/ESGI-M2/GO/orm/dialect/mock_dialect.go:271.2,271.45 1 0
github.com/ESGI-M2/GO/orm/dialect/mock_dialect.go:271.45,274.3 1 0
github.com/ESGI-M2/GO/orm/dialect/mock_dialect.go:277.2,277.50 1 0
github.com/ESGI-M2/GO/orm/dialect/mock_dialect.go:277.50,280.3 1 0
github.com/ESGI-M2/GO/orm/dialect/mock_dialect.go:283.2,283.48 1 0
github.com/ESGI-M2/GO/orm/dialect/mock_dialect.go:283.48,286.3 1 0
github.com/ESGI-M2/GO/orm/dialect/mock_dialect.go:288.2,288.59 1 0
github.com/ESGI-M2/GO/orm/dialect/mock_dialect.go:292.83,293.18 1 0
github.com/ESGI-M2/GO/orm/dialect/mock_dialect.go:293.18,295.3 1 0
github.com/ESGI-M2/GO/orm/dialect/mock_dialect.go:296.2,296.25 1 0
github.com/ESGI-M2/GO/orm/dialect/mock_dialect.go:296.25,298.3 1 0
github.com/ESGI-M2/GO/orm/dialect/mock_dialect.go:300.2,303.45 2 0
github.com/ESGI-M2/GO/orm/dialect/mock_dialect.go:303.45,305.22 2 0
github.com/ESGI-M2/GO/orm/dialect/mock_dialect.go:305.22,306.73 1 0
github.com/ESGI-M2/GO/orm/dialect/mock_dialect.go:306.73,311.5 1 0
github.com/ESGI-M2/GO/orm/dialect/mock_dialect.go:316.2,316.17 1 0
github.com/ESGI-M2/GO/orm/dialect/mock_dialect.go:320.76,321.18 1 0
github.com/ESGI-M2/GO/orm/dialect/mock_dialect.go:321.18,323.3 1 0
github.com/ESGI-M2/GO/orm/dialect/mock_dialect.go:325.2,325.12 1 0
github.com/ESGI-M2/GO/orm/dialect/mock_dialect.go:329.63,330.18 1 0
github.com/ESGI-M2/GO/orm/dialect/mock_dialect.go:330.18,332.3 1 0
github.com/ESGI-M2/GO/orm/dialect/mock_dialect.go:333.2,333.25 1 0
github.com/ESGI-M2/GO/orm/dialect/mock_dialect.go:333.25,335.3 1 0
github.com/ESGI-M2/GO/orm/dialect/mock_dialect.go:336.2,336.42 1 0
github.com/ESGI-M2/GO/orm/dialect/mock_dialect.go:340.105,341.18 1 0
github.com/ESGI-M2/GO/orm/dialect/mock_dialect.go:341.18,343.3 1 0
github.com/ESGI-M2/GO/orm/dialect/mock_dialect.go:344.2,344.25 1 0
github.com/ESGI-M2/GO/orm/dialect/mock_dialect.go:344.25,346.3 1 0
github.com/ESGI-M2/GO/orm/dialect/mock_dialect.go:347.2,347.42 1 0
github.com/ESGI-M2/GO/orm/dialect/mock_dialect.go:351.47,353.2 1 0
github.com/ESGI-M2/GO/orm/dialect/mock_dialect.go:356.39,361.2 1 0
github.com/ESGI-M2/GO/orm/dialect/mock_dialect.go:364.77,368.2 3 0
github.com/ESGI-M2/GO/orm/dialect/mock_dialect.go:376.52,378.2 1 0
github.com/ESGI-M2/GO/orm/dialect/mock_dialect.go:380.52,382.2 1 0
github.com/ESGI-M2/GO/orm/dialect/mock_dialect.go:389.87,391.2 1 0
github.com/ESGI-M2/GO/orm/dialect/mock_dialect.go:393.87,395.2 1 0
github.com/ESGI-M2/GO/orm/dialect/mock_dialect.go:397.80,399.2 1 0
github.com/ESGI-M2/GO/orm/dialect/mock_dialect.go:401.42,403.2 1 0
github.com/ESGI-M2/GO/orm/dialect/mock_dialect.go:405.44,407.2 1 0
github.com/ESGI-M2/GO/orm/factory/database_creator.go:18.44,20.2 1 0
github.com/ESGI-M2/GO/orm/factory/database_creator.go:23.121,24.46 1 0
github.com/ESGI-M2/GO/orm/factory/database_creator.go:25.15,26.40 1 0
github.com/ESGI-M2/GO/orm/factory/database_creator.go:27.32,28.43 1 0
github.com/ESGI-M2/GO/orm/factory/database_creator.go:29.14,31.13 1 0
github.com/ESGI-M2/GO/orm/factory/database_creator.go:32.10,33.84 1 0
github.com/ESGI-M2/GO/orm/factory/database_creator.go:38.90,44.16 3 0
github.com/ESGI-M2/GO/orm/factory/database_creator.go:44.16,46.3 1 0
github.com/ESGI-M2/GO/orm/factory/database_creator.go:47.2,50.34 2 0
github.com/ESGI-M2/GO/orm/factory/database_creator.go:50.34,52.3 1 0
github.com/ESGI-M2/GO/orm/factory/database_creator.go:55.2,58.40 4 0
github.com/ESGI-M2/GO/orm/factory/database_creator.go:58.40,60.3 1 0
github.com/ESGI-M2/GO/orm/factory/database_creator.go:63.2,63.26 1 0
github.com/ESGI-M2/GO/orm/factory/database_creator.go:63.26,66.17 3 0
github.com/ESGI-M2/GO/orm/factory/database_creator.go:66.17,68.4 1 0
github.com/ESGI-M2/GO/orm/factory/database_creator.go:69.3,69.60 1 0
github.com/ESGI-M2/GO/orm/factory/database_creator.go:70.8,72.3 1 0
github.com/ESGI-M2/GO/orm/factory/database_creator.go:74.2,74.12 1 0
github.com/ESGI-M2/GO/orm/factory/database_creator.go:78.93,84.16 3 0
github.com/ESGI-M2/GO/orm/factory/database_creator.go:84.16,86.3 1 0
github.com/ESGI-M2/GO/orm/factory/database_creator.go:87.2,90.34 2 0
github.com/ESGI-M2/GO/orm/factory/database_creator.go:90.34,92.3 1 0
github.com/ESGI-M2/GO/orm/factory/database_creator.go:95.2,98.40 4 0
github.com/ESGI-M2/GO/orm/factory/database_creator.go:98.40,100.3 1 0
github.com/ESGI-M2/GO/orm/factory/database_creator.go:103.2,103.26 1 0
github.com/ESGI-M2/GO/orm/factory/database_creator.go:103.26,106.17 3 0
github.com/ESGI-M2/GO/orm/factory/database_creator.go:106.17,108.4 1 0
github.com/ESGI-M2/GO/orm/factory/database_creator.go:109.3,109.65 1 0
github.com/ESGI-M2/GO/orm/factory/database_creator.go:110.8,112.3 1 0
github.com/ESGI-M2/GO/orm/factory/database_creator.go:114.2,114.12 1 0
github.com/ESGI-M2/GO/orm/factory/database_creator.go:118.116,120.2 1 0
github.com/ESGI-M2/GO/orm/factory/database_creator.go:126.99,128.2 1 0
github.com/ESGI-M2/GO/orm/factory/database_creator.go:131.94,133.2 1 0
github.com/ESGI-M2/GO/orm/factory/dialect_factory.go:27.42,29.2 1 0
github.com/ESGI-M2/GO/orm/factory/dialect_factory.go:32.87,33.46 1 0
github.com/ESGI-M2/GO/orm/factory/dialect_factory.go:34.15,35.40 1 0
github.com/ESGI-M2/GO/orm/factory/dialect_factory.go:36.32,37.43 1 0
github.com/ESGI-M2/GO/orm/factory/dialect_factory.go:38.14,39.42 1 0
github.com/ESGI-M2/GO/orm/factory/dialect_factory.go:40.10,41.70 1 0
github.com/ESGI-M2/GO/orm/factory/dialect_factory.go:46.91,48.2 1 0
github.com/ESGI-M2/GO/orm/factory/dialect_factory.go:51.64,59.2 1 0
github.com/ESGI-M2/GO/orm/factory/dialect_factory.go:62.69,63.54 1 0
github.com/ESGI-M2/GO/orm/factory/dialect_factory.go:63.54,64.64 1 0
github.com/ESGI-M2/GO/orm/factory/dialect_factory.go:64.64,66.4 1 0
github.com/ESGI-M2/GO/orm/factory/dialect_factory.go:68.2,68.14 1 0
github.com/ESGI-M2/GO/orm/factory/dialect_factory.go:75.73,77.2 1 0
github.com/ESGI-M2/GO/orm/factory/dialect_factory.go:80.77,82.2 1 0
github.com/ESGI-M2/GO/orm/sql/components/insert/into.go:3.56,6.2 2 0
github.com/ESGI-M2/GO/orm/sql/components/insert/setcolumns.go:7.81,8.33 1 0
github.com/ESGI-M2/GO/orm/sql/components/insert/setcolumns.go:8.33,10.3 1 0
github.com/ESGI-M2/GO/orm/sql/components/insert/setcolumns.go:11.2,13.11 3 0
github.com/ESGI-M2/GO/orm/sql/components/queries/from.go:3.43,6.2 2 0
github.com/ESGI-M2/GO/orm/sql/components/queries/groupby.go:3.48,6.2 2 0
github.com/ESGI-M2/GO/orm/sql/components/queries/having.go:3.46,6.2 2 0
github.com/ESGI-M2/GO/orm/sql/components/queries/join.go:5.52,6.35 1 0
github.com/ESGI-M2/GO/orm/sql/components/queries/join.go:6.35,8.3 1 0
github.com/ESGI-M2/GO/orm/sql/components/queries/join.go:9.2,9.11 1 0
github.com/ESGI-M2/GO/orm/sql/components/queries/join.go:14.47,16.2 1 0
github.com/ESGI-M2/GO/orm/sql/components/queries/join.go:18.46,20.2 1 0
github.com/ESGI-M2/GO/orm/sql/components/queries/join.go:22.47,24.2 1 0
github.com/ESGI-M2/GO/orm/sql/components/queries/join.go:27.58,29.22 2 0
github.com/ESGI-M2/GO/orm/sql/components/queries/join.go:29.22,31.3 1 0
github.com/ESGI-M2/GO/orm/sql/components/queries/join.go:32.2,32.10 1 0
github.com/ESGI-M2/GO/orm/sql/components/queries/join.go:35.57,37.22 2 0
github.com/ESGI-M2/GO/orm/sql/components/queries/join.go:37.22,39.3 1 0
github.com/ESGI-M2/GO/orm/sql/components/queries/join.go:40.2,40.10 1 0
github.com/ESGI-M2/GO/orm/sql/components/queries/join.go:43.58,45.22 2 0
github.com/ESGI-M2/GO/orm/sql/components/queries/join.go:45.22,47.3 1 0
github.com/ESGI-M2/GO/orm/sql/components/queries/join.go:48.2,48.10 1 0
github.com/ESGI-M2/GO/orm/sql/components/queries/limit.go:7.41,8.15 1 0
github.com/ESGI-M2/GO/orm/sql/components/queries/limit.go:8.15,11.3 2 0
github.com/ESGI-M2/GO/orm/sql/components/queries/limit.go:12.2,13.10 2 0
github.com/ESGI-M2/GO/orm/sql/components/queries/orderby.go:3.48,6.2 2 0
github.com/ESGI-M2/GO/orm/sql/components/queries/select.go:8.49,11.42 2 0
github.com/ESGI-M2/GO/orm/sql/components/queries/select.go:11.42,14.3 2 0
github.com/ESGI-M2/GO/orm/sql/components/queries/select.go:16.2,16.31 1 0
github.com/ESGI-M2/GO/orm/sql/components/queries/select.go:16.31,17.53 1 0
github.com/ESGI-M2/GO/orm/sql/components/queries/select.go:17.53,20.4 2 0
github.com/ESGI-M2/GO/orm/sql/components/queries/select.go:23.2,24.10 2 0
github.com/ESGI-M2/GO/orm/sql/components/queries/where.go:3.48,6.2 2 0
