mode: set
project/examples/basic_usage.go:39.13,60.44 4 0
project/examples/basic_usage.go:60.44,62.3 1 0
project/examples/basic_usage.go:63.2,74.31 4 0
project/examples/basic_usage.go:74.31,75.50 1 0
project/examples/basic_usage.go:75.50,77.4 1 0
project/examples/basic_usage.go:80.2,83.38 2 0
project/examples/basic_usage.go:83.38,85.3 1 0
project/examples/basic_usage.go:87.2,104.60 7 0
project/examples/basic_usage.go:107.37,121.59 3 0
project/examples/basic_usage.go:121.59,124.3 2 0
project/examples/basic_usage.go:126.2,130.16 3 0
project/examples/basic_usage.go:130.16,133.3 2 0
project/examples/basic_usage.go:135.2,135.22 1 0
project/examples/basic_usage.go:135.22,138.3 2 0
project/examples/basic_usage.go:141.2,144.61 3 0
project/examples/basic_usage.go:144.61,147.3 2 0
project/examples/basic_usage.go:149.2,153.16 3 0
project/examples/basic_usage.go:153.16,156.3 2 0
project/examples/basic_usage.go:158.2,158.51 1 0
project/examples/basic_usage.go:161.40,171.29 3 0
project/examples/basic_usage.go:171.29,175.3 3 0
project/examples/basic_usage.go:178.2,185.16 2 0
project/examples/basic_usage.go:185.16,188.3 2 0
project/examples/basic_usage.go:190.2,197.16 3 0
project/examples/basic_usage.go:197.16,200.3 2 0
project/examples/basic_usage.go:202.2,202.50 1 0
project/examples/basic_usage.go:205.45,216.16 4 0
project/examples/basic_usage.go:216.16,219.3 2 0
project/examples/basic_usage.go:221.2,228.16 3 0
project/examples/basic_usage.go:228.16,231.3 2 0
project/examples/basic_usage.go:233.2,233.17 1 0
project/examples/basic_usage.go:233.17,236.3 2 0
project/examples/basic_usage.go:239.2,240.16 2 0
project/examples/basic_usage.go:240.16,243.3 2 0
project/examples/basic_usage.go:245.2,245.44 1 0
project/examples/basic_usage.go:248.40,251.52 2 0
project/examples/basic_usage.go:251.52,262.62 2 0
project/examples/basic_usage.go:262.62,264.4 1 0
project/examples/basic_usage.go:267.3,275.62 2 0
project/examples/basic_usage.go:275.62,277.4 1 0
project/examples/basic_usage.go:279.3,280.13 2 0
project/examples/basic_usage.go:283.2,283.16 1 0
project/examples/basic_usage.go:283.16,286.3 2 0
project/examples/basic_usage.go:288.2,288.47 1 0
project/examples/basic_usage.go:291.34,296.16 3 0
project/examples/basic_usage.go:296.16,299.3 2 0
project/examples/basic_usage.go:301.2,301.22 1 0
project/examples/basic_usage.go:301.22,303.3 1 0
project/examples/basic_usage.go:306.2,314.16 2 0
project/examples/basic_usage.go:314.16,317.3 2 0
project/examples/basic_usage.go:319.2,319.80 1 0
project/main.go:13.13,33.44 4 0
project/main.go:33.44,35.3 1 0
project/main.go:36.2,39.58 2 0
project/main.go:39.58,41.3 1 0
project/main.go:43.2,43.58 1 0
project/main.go:43.58,45.3 1 0
project/main.go:48.2,48.38 1 0
project/main.go:48.38,50.3 1 0
project/main.go:52.2,58.23 5 0
project/main.go:61.39,72.66 3 0
project/main.go:72.66,75.3 2 0
project/main.go:77.2,81.16 3 0
project/main.go:81.16,84.3 2 0
project/main.go:86.2,86.22 1 0
project/main.go:86.22,90.3 2 0
project/main.go:93.2,94.68 2 0
project/main.go:94.68,97.3 2 0
project/main.go:99.2,103.16 3 0
project/main.go:103.16,106.3 2 0
project/main.go:108.2,108.51 1 0
project/main.go:111.37,122.16 3 0
project/main.go:122.16,125.3 2 0
project/main.go:127.2,131.16 3 0
project/main.go:131.16,134.3 2 0
project/main.go:136.2,136.25 1 0
project/main.go:136.25,138.3 1 0
project/main.go:141.42,152.16 4 0
project/main.go:152.16,155.3 2 0
project/main.go:157.2,161.16 3 0
project/main.go:161.16,164.3 2 0
project/main.go:166.2,166.44 1 0
project/main.go:169.37,172.52 2 0
project/main.go:172.52,180.69 2 0
project/main.go:180.69,182.4 1 0
project/main.go:185.3,190.69 2 0
project/main.go:190.69,192.4 1 0
project/main.go:194.3,195.13 2 0
project/main.go:198.2,198.16 1 0
project/main.go:198.16,201.3 2 0
project/main.go:203.2,203.47 1 0
project/dialect/mysql.go:25.38,27.2 1 0
project/dialect/mysql.go:30.68,38.16 4 0
project/dialect/mysql.go:38.16,40.3 1 0
project/dialect/mysql.go:42.2,43.16 2 0
project/dialect/mysql.go:43.16,45.3 1 0
project/dialect/mysql.go:47.2,48.16 2 0
project/dialect/mysql.go:48.16,50.3 1 0
project/dialect/mysql.go:52.2,53.20 2 0
project/dialect/mysql.go:53.20,55.3 1 0
project/dialect/mysql.go:57.2,58.15 2 0
project/dialect/mysql.go:58.15,60.3 1 0
project/dialect/mysql.go:62.2,66.16 3 0
project/dialect/mysql.go:66.16,68.3 1 0
project/dialect/mysql.go:71.2,71.29 1 0
project/dialect/mysql.go:71.29,73.3 1 0
project/dialect/mysql.go:74.2,74.29 1 0
project/dialect/mysql.go:74.29,76.3 1 0
project/dialect/mysql.go:77.2,77.32 1 0
project/dialect/mysql.go:77.32,79.3 1 0
project/dialect/mysql.go:82.2,82.33 1 0
project/dialect/mysql.go:82.33,84.3 1 0
project/dialect/mysql.go:86.2,87.12 2 0
project/dialect/mysql.go:91.38,92.17 1 0
project/dialect/mysql.go:92.17,94.3 1 0
project/dialect/mysql.go:95.2,95.12 1 0
project/dialect/mysql.go:99.37,100.17 1 0
project/dialect/mysql.go:100.17,102.3 1 0
project/dialect/mysql.go:103.2,103.20 1 0
project/dialect/mysql.go:107.84,108.17 1 0
project/dialect/mysql.go:108.17,110.3 1 0
project/dialect/mysql.go:111.2,111.34 1 0
project/dialect/mysql.go:115.84,116.17 1 0
project/dialect/mysql.go:116.17,118.3 1 0
project/dialect/mysql.go:119.2,119.35 1 0
project/dialect/mysql.go:123.77,124.17 1 0
project/dialect/mysql.go:124.17,126.3 1 0
project/dialect/mysql.go:127.2,127.38 1 0
project/dialect/mysql.go:131.58,132.17 1 0
project/dialect/mysql.go:132.17,134.3 1 0
project/dialect/mysql.go:135.2,136.16 2 0
project/dialect/mysql.go:136.16,138.3 1 0
project/dialect/mysql.go:139.2,139.39 1 0
project/dialect/mysql.go:143.100,144.17 1 0
project/dialect/mysql.go:144.17,146.3 1 0
project/dialect/mysql.go:147.2,148.16 2 0
project/dialect/mysql.go:148.16,150.3 1 0
project/dialect/mysql.go:151.2,151.39 1 0
project/dialect/mysql.go:155.83,158.30 2 0
project/dialect/mysql.go:158.30,161.3 2 0
project/dialect/mysql.go:163.2,167.12 3 0
project/dialect/mysql.go:171.58,175.2 3 0
project/dialect/mysql.go:178.68,183.2 4 0
project/dialect/mysql.go:186.63,187.23 1 0
project/dialect/mysql.go:188.63,189.15 1 0
project/dialect/mysql.go:190.21,191.18 1 0
project/dialect/mysql.go:192.67,193.24 1 0
project/dialect/mysql.go:194.22,195.27 1 0
project/dialect/mysql.go:196.23,197.17 1 0
project/dialect/mysql.go:198.23,199.18 1 0
project/dialect/mysql.go:200.22,201.24 1 0
project/dialect/mysql.go:202.20,203.22 1 0
project/dialect/mysql.go:204.22,205.44 1 0
project/dialect/mysql.go:205.44,207.4 1 0
project/dialect/mysql.go:208.3,208.16 1 0
project/dialect/mysql.go:209.21,210.44 1 0
project/dialect/mysql.go:210.44,212.4 1 0
project/dialect/mysql.go:213.3,213.16 1 0
project/dialect/mysql.go:214.10,215.16 1 0
project/dialect/mysql.go:220.57,222.2 1 0
project/dialect/mysql.go:225.70,230.99 3 0
project/dialect/mysql.go:230.99,232.3 1 0
project/dialect/mysql.go:233.2,236.19 2 0
project/dialect/mysql.go:236.19,238.3 1 0
project/dialect/mysql.go:241.2,241.23 1 0
project/dialect/mysql.go:241.23,243.3 1 0
project/dialect/mysql.go:246.2,246.24 1 0
project/dialect/mysql.go:246.24,248.50 2 0
project/dialect/mysql.go:248.50,250.4 1 0
project/dialect/mysql.go:251.3,251.63 1 0
project/dialect/mysql.go:255.2,255.20 1 0
project/dialect/mysql.go:255.20,257.3 1 0
project/dialect/mysql.go:260.2,260.16 1 0
project/dialect/mysql.go:260.16,262.3 1 0
project/dialect/mysql.go:265.2,265.27 1 0
project/dialect/mysql.go:265.27,269.36 2 0
project/dialect/mysql.go:269.36,271.4 1 0
project/dialect/mysql.go:272.3,272.36 1 0
project/dialect/mysql.go:272.36,274.4 1 0
project/dialect/mysql.go:276.3,276.31 1 0
project/dialect/mysql.go:279.2,279.33 1 0
project/dialect/mysql.go:288.44,290.2 1 0
project/dialect/mysql.go:293.46,295.2 1 0
project/dialect/mysql.go:298.89,300.2 1 0
project/dialect/mysql.go:303.89,305.2 1 0
project/dialect/mysql.go:308.82,310.2 1 0
project/dialect/mysql.go:316.18,327.48 3 0
project/dialect/mysql.go:327.48,329.3 1 0
project/dialect/mysql.go:332.2,332.17 1 0
project/orm/sql/insertbuilder.go:10.39,11.67 1 0
project/orm/sql/insertbuilder.go:11.67,13.3 1 0
project/orm/sql/insertbuilder.go:15.2,17.27 3 0
project/orm/sql/insertbuilder.go:17.27,19.3 1 0
project/orm/sql/insertbuilder.go:21.2,21.108 1 0
project/orm/sql/insertbuilder.go:24.32,28.2 3 1
project/orm/sql/querybuilder.go:21.62,26.40 3 1
project/orm/sql/querybuilder.go:26.40,29.3 2 0
project/orm/sql/querybuilder.go:31.2,39.29 6 1
project/orm/sql/querybuilder.go:39.29,43.40 3 1
project/orm/sql/querybuilder.go:43.40,45.18 2 1
project/orm/sql/querybuilder.go:45.18,47.5 1 0
project/orm/sql/querybuilder.go:48.4,48.72 1 1
project/orm/sql/querybuilder.go:51.3,51.14 1 1
project/orm/sql/querybuilder.go:51.14,54.35 2 1
project/orm/sql/querybuilder.go:54.35,56.5 1 1
project/orm/sql/querybuilder.go:58.4,60.55 2 1
project/orm/sql/querybuilder.go:60.55,61.10 1 1
project/orm/sql/querybuilder.go:66.2,66.15 1 1
project/orm/sql/querybuilder.go:69.109,71.18 2 1
project/orm/sql/querybuilder.go:72.11,73.45 1 1
project/orm/sql/querybuilder.go:73.45,74.32 1 1
project/orm/sql/querybuilder.go:74.32,76.5 1 1
project/orm/sql/querybuilder.go:79.11,80.45 1 0
project/orm/sql/querybuilder.go:80.45,81.32 1 0
project/orm/sql/querybuilder.go:81.32,83.5 1 0
project/orm/sql/querybuilder.go:86.11,88.17 2 0
project/orm/sql/querybuilder.go:88.17,90.4 1 0
project/orm/sql/querybuilder.go:91.3,91.35 1 0
project/orm/sql/querybuilder.go:91.35,93.4 1 0
project/orm/sql/querybuilder.go:95.12,96.45 1 0
project/orm/sql/querybuilder.go:96.45,97.33 1 0
project/orm/sql/querybuilder.go:97.33,99.5 1 0
project/orm/sql/querybuilder.go:102.12,103.45 1 0
project/orm/sql/querybuilder.go:103.45,104.33 1 0
project/orm/sql/querybuilder.go:104.33,106.5 1 0
project/orm/sql/querybuilder.go:109.12,110.45 1 0
project/orm/sql/querybuilder.go:110.45,111.33 1 0
project/orm/sql/querybuilder.go:111.33,113.5 1 0
project/orm/sql/querybuilder.go:116.17,120.17 3 0
project/orm/sql/querybuilder.go:120.17,122.4 1 0
project/orm/sql/querybuilder.go:124.3,124.45 1 0
project/orm/sql/querybuilder.go:124.45,125.51 1 0
project/orm/sql/querybuilder.go:125.51,127.5 1 0
project/orm/sql/querybuilder.go:130.14,130.14 0 0
project/orm/sql/querybuilder.go:132.12,132.12 0 0
project/orm/sql/querybuilder.go:134.10,135.54 1 0
project/orm/sql/querybuilder.go:137.2,137.14 1 0
project/orm/sql/components/insert/into.go:3.56,6.2 2 0
project/orm/sql/components/insert/setcolumns.go:7.81,8.33 1 0
project/orm/sql/components/insert/setcolumns.go:8.33,10.3 1 0
project/orm/sql/components/insert/setcolumns.go:11.2,13.11 3 0
project/orm/sql/components/queries/from.go:3.43,6.2 2 0
project/orm/sql/components/queries/groupby.go:3.48,6.2 2 0
project/orm/sql/components/queries/having.go:3.46,6.2 2 0
project/orm/sql/components/queries/join.go:5.52,6.35 1 0
project/orm/sql/components/queries/join.go:6.35,8.3 1 0
project/orm/sql/components/queries/join.go:9.2,9.11 1 0
project/orm/sql/components/queries/join.go:14.47,16.2 1 0
project/orm/sql/components/queries/join.go:18.46,20.2 1 0
project/orm/sql/components/queries/join.go:22.47,24.2 1 0
project/orm/sql/components/queries/join.go:27.58,29.22 2 0
project/orm/sql/components/queries/join.go:29.22,31.3 1 0
project/orm/sql/components/queries/join.go:32.2,32.10 1 0
project/orm/sql/components/queries/join.go:35.57,37.22 2 0
project/orm/sql/components/queries/join.go:37.22,39.3 1 0
project/orm/sql/components/queries/join.go:40.2,40.10 1 0
project/orm/sql/components/queries/join.go:43.58,45.22 2 0
project/orm/sql/components/queries/join.go:45.22,47.3 1 0
project/orm/sql/components/queries/join.go:48.2,48.10 1 0
project/orm/sql/components/queries/limit.go:7.41,8.15 1 0
project/orm/sql/components/queries/limit.go:8.15,11.3 2 0
project/orm/sql/components/queries/limit.go:12.2,13.10 2 0
project/orm/sql/components/queries/orderby.go:3.48,6.2 2 0
project/orm/sql/components/queries/select.go:8.49,11.42 2 0
project/orm/sql/components/queries/select.go:11.42,14.3 2 0
project/orm/sql/components/queries/select.go:16.2,16.31 1 0
project/orm/sql/components/queries/select.go:16.31,17.53 1 0
project/orm/sql/components/queries/select.go:17.53,20.4 2 0
project/orm/sql/components/queries/select.go:23.2,24.10 2 0
project/orm/sql/components/queries/where.go:3.48,6.2 2 0
project/orm/core/metadata.go:15.44,19.2 1 1
project/orm/core/metadata.go:22.87,26.29 2 1
project/orm/core/metadata.go:26.29,28.3 1 1
project/orm/core/metadata.go:31.2,31.46 1 1
project/orm/core/metadata.go:31.46,33.3 1 1
project/orm/core/metadata.go:35.2,44.36 2 1
project/orm/core/metadata.go:44.36,47.17 3 1
project/orm/core/metadata.go:47.17,49.4 1 0
project/orm/core/metadata.go:51.3,51.20 1 1
project/orm/core/metadata.go:51.20,55.25 2 1
project/orm/core/metadata.go:55.25,57.5 1 1
project/orm/core/metadata.go:58.4,58.28 1 1
project/orm/core/metadata.go:58.28,60.5 1 1
project/orm/core/metadata.go:65.2,73.22 4 1
project/orm/core/metadata.go:77.86,79.33 2 1
project/orm/core/metadata.go:79.33,81.3 1 0
project/orm/core/metadata.go:83.2,90.40 2 1
project/orm/core/metadata.go:90.40,93.3 2 1
project/orm/core/metadata.go:96.2,96.46 1 1
project/orm/core/metadata.go:96.46,98.3 1 1
project/orm/core/metadata.go:101.2,101.39 1 1
project/orm/core/metadata.go:101.39,103.3 1 1
project/orm/core/metadata.go:106.2,106.38 1 1
project/orm/core/metadata.go:106.38,108.3 1 0
project/orm/core/metadata.go:111.2,111.53 1 1
project/orm/core/metadata.go:111.53,112.45 1 0
project/orm/core/metadata.go:112.45,114.4 1 0
project/orm/core/metadata.go:118.2,118.66 1 1
project/orm/core/metadata.go:118.66,120.3 1 0
project/orm/core/metadata.go:123.2,123.46 1 1
project/orm/core/metadata.go:123.46,125.22 2 1
project/orm/core/metadata.go:125.22,132.4 1 1
project/orm/core/metadata.go:135.2,135.20 1 1
project/orm/core/metadata.go:139.86,140.36 1 1
project/orm/core/metadata.go:140.36,144.68 2 1
project/orm/core/metadata.go:144.68,152.52 2 0
project/orm/core/metadata.go:152.52,154.5 1 0
project/orm/core/metadata.go:155.4,155.55 1 0
project/orm/core/metadata.go:155.55,157.5 1 0
project/orm/core/metadata.go:158.4,158.51 1 0
project/orm/core/metadata.go:158.51,160.5 1 0
project/orm/core/metadata.go:162.4,162.45 1 0
project/orm/core/metadata.go:168.84,169.36 1 1
project/orm/core/metadata.go:169.36,173.64 2 1
project/orm/core/metadata.go:173.64,180.4 2 0
project/orm/core/metadata.go:185.40,186.18 1 1
project/orm/core/metadata.go:187.63,188.15 1 1
project/orm/core/metadata.go:189.21,190.18 1 1
project/orm/core/metadata.go:191.67,192.24 1 0
project/orm/core/metadata.go:193.22,194.27 1 0
project/orm/core/metadata.go:195.23,196.17 1 0
project/orm/core/metadata.go:197.23,198.18 1 1
project/orm/core/metadata.go:199.22,200.24 1 1
project/orm/core/metadata.go:201.20,202.19 1 1
project/orm/core/metadata.go:203.22,204.36 1 0
project/orm/core/metadata.go:204.36,206.4 1 0
project/orm/core/metadata.go:207.3,207.16 1 0
project/orm/core/metadata.go:208.21,209.39 1 0
project/orm/core/metadata.go:209.39,211.4 1 0
project/orm/core/metadata.go:212.3,212.16 1 0
project/orm/core/metadata.go:213.10,214.16 1 0
project/orm/core/metadata.go:219.42,221.22 1 1
project/orm/core/metadata.go:221.22,222.62 1 1
project/orm/core/metadata.go:222.62,224.4 1 1
project/orm/core/metadata.go:228.2,228.34 1 1
project/orm/core/metadata.go:232.58,233.39 1 1
project/orm/core/metadata.go:234.20,235.18 1 1
project/orm/core/metadata.go:236.21,237.19 1 1
project/orm/core/metadata.go:238.21,239.19 1 1
project/orm/core/metadata.go:240.22,241.20 1 1
project/orm/core/metadata.go:242.10,243.18 1 1
project/orm/core/metadata.go:248.66,249.18 1 1
project/orm/core/metadata.go:250.22,251.15 1 1
project/orm/core/metadata.go:252.78,253.44 1 1
project/orm/core/metadata.go:253.44,255.4 1 1
project/orm/core/metadata.go:256.40,257.46 1 1
project/orm/core/metadata.go:257.46,259.4 1 1
project/orm/core/metadata.go:260.20,261.42 1 1
project/orm/core/metadata.go:263.2,263.14 1 0
project/orm/core/metadata.go:267.38,271.2 3 1
project/orm/core/metadata.go:274.44,278.2 3 1
project/orm/core/metadata.go:281.83,283.2 1 1
project/orm/core/metadata.go:286.41,288.2 1 0
project/orm/core/orm.go:21.39,28.2 1 0
project/orm/core/orm.go:31.58,35.22 3 1
project/orm/core/orm.go:35.22,37.3 1 1
project/orm/core/orm.go:39.2,39.50 1 1
project/orm/core/orm.go:39.50,41.3 1 0
project/orm/core/orm.go:43.2,44.12 2 1
project/orm/core/orm.go:48.33,52.17 3 1
project/orm/core/orm.go:52.17,54.23 2 0
project/orm/core/orm.go:54.23,56.4 1 0
project/orm/core/orm.go:58.2,58.12 1 1
project/orm/core/orm.go:62.58,67.16 4 1
project/orm/core/orm.go:67.16,69.3 1 0
project/orm/core/orm.go:71.2,72.12 2 1
project/orm/core/orm.go:76.74,81.2 3 1
project/orm/core/orm.go:84.57,86.16 2 1
project/orm/core/orm.go:86.16,93.3 1 0
project/orm/core/orm.go:95.2,106.3 1 1
project/orm/core/orm.go:110.69,117.2 1 1
project/orm/core/orm.go:120.60,122.16 2 1
project/orm/core/orm.go:122.16,128.3 1 0
project/orm/core/orm.go:130.2,133.3 1 1
project/orm/core/orm.go:137.57,139.16 2 1
project/orm/core/orm.go:139.16,141.3 1 0
project/orm/core/orm.go:144.2,151.15 2 1
project/orm/core/orm.go:151.15,152.31 1 1
project/orm/core/orm.go:152.31,154.12 2 0
project/orm/core/orm.go:158.2,158.34 1 1
project/orm/core/orm.go:158.34,159.43 1 1
project/orm/core/orm.go:159.43,161.4 1 0
project/orm/core/orm.go:162.3,162.13 1 1
project/orm/core/orm.go:165.2,165.20 1 1
project/orm/core/orm.go:169.89,171.16 2 1
project/orm/core/orm.go:171.16,173.3 1 0
project/orm/core/orm.go:176.2,183.15 2 1
project/orm/core/orm.go:183.15,184.31 1 1
project/orm/core/orm.go:184.31,186.12 2 0
project/orm/core/orm.go:190.2,190.34 1 1
project/orm/core/orm.go:190.34,191.43 1 1
project/orm/core/orm.go:191.43,193.4 1 0
project/orm/core/orm.go:194.3,194.13 1 1
project/orm/core/orm.go:197.2,197.20 1 1
project/orm/core/orm.go:201.56,203.16 2 1
project/orm/core/orm.go:203.16,205.3 1 0
project/orm/core/orm.go:207.2,207.68 1 1
project/orm/core/orm.go:211.54,213.16 2 1
project/orm/core/orm.go:213.16,215.3 1 0
project/orm/core/orm.go:217.2,217.48 1 1
project/orm/core/orm.go:221.35,225.36 3 1
project/orm/core/orm.go:225.36,227.17 2 0
project/orm/core/orm.go:227.17,229.4 1 0
project/orm/core/orm.go:231.3,231.14 1 0
project/orm/core/orm.go:231.14,232.86 1 0
project/orm/core/orm.go:232.86,234.5 1 0
project/orm/core/orm.go:238.2,238.12 1 1
project/orm/core/orm.go:242.40,244.2 1 1
project/orm/core/orm.go:247.38,251.2 3 1
project/orm/core/orm.go:259.70,261.2 1 0
project/orm/core/orm.go:264.45,266.2 1 0
project/orm/core/orm.go:269.44,271.2 1 0
project/orm/core/orm.go:274.91,276.2 1 0
project/orm/core/orm.go:279.91,281.2 1 0
project/orm/core/orm.go:284.84,286.2 1 0
project/orm/core/orm.go:289.60,291.2 1 0
project/orm/core/orm.go:294.102,296.2 1 0
project/orm/core/orm.go:299.85,301.2 1 0
project/orm/core/orm.go:304.65,306.2 1 0
project/orm/core/orm.go:309.75,311.2 1 0
project/orm/core/orm.go:314.70,316.2 1 0
project/orm/core/orm.go:319.64,321.2 1 0
project/orm/core/query_builder.go:55.67,56.19 1 1
project/orm/core/query_builder.go:56.19,58.3 1 1
project/orm/core/query_builder.go:60.2,60.22 1 1
project/orm/core/query_builder.go:60.22,62.3 1 1
project/orm/core/query_builder.go:62.8,64.3 1 1
project/orm/core/query_builder.go:65.2,65.11 1 1
project/orm/core/query_builder.go:69.61,70.19 1 1
project/orm/core/query_builder.go:70.19,72.3 1 0
project/orm/core/query_builder.go:73.2,74.11 2 1
project/orm/core/query_builder.go:78.91,79.19 1 1
project/orm/core/query_builder.go:79.19,81.3 1 1
project/orm/core/query_builder.go:83.2,90.18 2 1
project/orm/core/query_builder.go:90.18,92.3 1 1
project/orm/core/query_builder.go:94.2,94.11 1 1
project/orm/core/query_builder.go:98.86,99.19 1 1
project/orm/core/query_builder.go:99.19,101.3 1 0
project/orm/core/query_builder.go:103.2,103.22 1 1
project/orm/core/query_builder.go:103.22,105.3 1 1
project/orm/core/query_builder.go:107.2,108.24 2 1
project/orm/core/query_builder.go:108.24,111.3 2 1
project/orm/core/query_builder.go:113.2,121.11 3 1
project/orm/core/query_builder.go:125.89,126.19 1 1
project/orm/core/query_builder.go:126.19,128.3 1 0
project/orm/core/query_builder.go:130.2,130.22 1 1
project/orm/core/query_builder.go:130.22,132.3 1 0
project/orm/core/query_builder.go:134.2,135.24 2 1
project/orm/core/query_builder.go:135.24,138.3 2 1
project/orm/core/query_builder.go:140.2,148.11 3 1
project/orm/core/query_builder.go:152.75,153.19 1 1
project/orm/core/query_builder.go:153.19,155.3 1 0
project/orm/core/query_builder.go:157.2,157.21 1 1
project/orm/core/query_builder.go:157.21,159.3 1 1
project/orm/core/query_builder.go:161.2,166.11 2 1
project/orm/core/query_builder.go:170.68,171.19 1 1
project/orm/core/query_builder.go:171.19,173.3 1 0
project/orm/core/query_builder.go:174.2,175.11 2 1
project/orm/core/query_builder.go:179.88,180.19 1 1
project/orm/core/query_builder.go:180.19,182.3 1 0
project/orm/core/query_builder.go:183.2,185.11 3 1
project/orm/core/query_builder.go:189.59,190.19 1 1
project/orm/core/query_builder.go:190.19,192.3 1 0
project/orm/core/query_builder.go:193.2,194.11 2 1
project/orm/core/query_builder.go:198.61,199.19 1 1
project/orm/core/query_builder.go:199.19,201.3 1 0
project/orm/core/query_builder.go:202.2,203.11 2 1
project/orm/core/query_builder.go:207.72,209.2 1 1
project/orm/core/query_builder.go:212.76,214.2 1 1
project/orm/core/query_builder.go:217.77,219.2 1 1
project/orm/core/query_builder.go:222.77,224.2 1 1
project/orm/core/query_builder.go:227.85,228.19 1 1
project/orm/core/query_builder.go:228.19,230.3 1 0
project/orm/core/query_builder.go:232.2,238.11 2 1
project/orm/core/query_builder.go:242.70,243.19 1 1
project/orm/core/query_builder.go:243.19,245.3 1 0
project/orm/core/query_builder.go:247.2,247.21 1 1
project/orm/core/query_builder.go:247.21,249.3 1 0
project/orm/core/query_builder.go:251.2,253.16 3 1
project/orm/core/query_builder.go:253.16,255.3 1 1
project/orm/core/query_builder.go:256.2,258.26 2 0
project/orm/core/query_builder.go:262.71,263.19 1 1
project/orm/core/query_builder.go:263.19,265.3 1 0
project/orm/core/query_builder.go:268.2,272.16 4 1
project/orm/core/query_builder.go:272.16,274.3 1 1
project/orm/core/query_builder.go:277.2,279.23 2 0
project/orm/core/query_builder.go:279.23,281.3 1 0
project/orm/core/query_builder.go:283.2,283.24 1 0
project/orm/core/query_builder.go:287.52,288.19 1 1
project/orm/core/query_builder.go:288.19,290.3 1 0
project/orm/core/query_builder.go:293.2,299.16 6 1
project/orm/core/query_builder.go:299.16,302.3 2 1
project/orm/core/query_builder.go:303.2,308.16 3 0
project/orm/core/query_builder.go:308.16,310.3 1 0
project/orm/core/query_builder.go:312.2,312.19 1 0
project/orm/core/query_builder.go:316.52,317.19 1 1
project/orm/core/query_builder.go:317.19,319.3 1 0
project/orm/core/query_builder.go:321.2,322.16 2 1
project/orm/core/query_builder.go:322.16,324.3 1 1
project/orm/core/query_builder.go:326.2,326.23 1 0
project/orm/core/query_builder.go:330.79,334.2 3 1
project/orm/core/query_builder.go:337.45,338.21 1 1
project/orm/core/query_builder.go:338.21,340.3 1 1
project/orm/core/query_builder.go:341.2,341.24 1 1
project/orm/core/query_builder.go:345.53,346.21 1 1
project/orm/core/query_builder.go:346.21,348.3 1 1
project/orm/core/query_builder.go:349.2,349.16 1 1
project/orm/core/query_builder.go:353.49,364.32 5 1
project/orm/core/query_builder.go:364.32,367.3 1 1
project/orm/core/query_builder.go:370.2,370.23 1 1
project/orm/core/query_builder.go:370.23,372.38 2 1
project/orm/core/query_builder.go:372.38,373.14 1 1
project/orm/core/query_builder.go:373.14,375.5 1 1
project/orm/core/query_builder.go:375.10,378.5 1 1
project/orm/core/query_builder.go:380.3,380.66 1 1
project/orm/core/query_builder.go:384.2,384.25 1 1
project/orm/core/query_builder.go:384.25,386.3 1 1
project/orm/core/query_builder.go:389.2,389.21 1 1
project/orm/core/query_builder.go:389.21,391.3 1 1
project/orm/core/query_builder.go:394.2,394.25 1 1
project/orm/core/query_builder.go:394.25,396.36 2 1
project/orm/core/query_builder.go:396.36,399.4 1 1
project/orm/core/query_builder.go:400.3,400.70 1 1
project/orm/core/query_builder.go:404.2,404.18 1 1
project/orm/core/query_builder.go:404.18,406.3 1 1
project/orm/core/query_builder.go:409.2,409.19 1 1
project/orm/core/query_builder.go:409.19,411.3 1 1
project/orm/core/query_builder.go:413.2,413.33 1 1
project/orm/core/query_builder.go:417.76,419.16 2 0
project/orm/core/query_builder.go:419.16,421.3 1 0
project/orm/core/query_builder.go:422.2,424.26 2 0
project/orm/core/query_builder.go:428.88,430.16 2 0
project/orm/core/query_builder.go:430.16,432.3 1 0
project/orm/core/query_builder.go:434.2,436.18 2 0
project/orm/core/query_builder.go:436.18,440.25 3 0
project/orm/core/query_builder.go:440.25,442.4 1 0
project/orm/core/query_builder.go:445.3,445.49 1 0
project/orm/core/query_builder.go:445.49,447.4 1 0
project/orm/core/query_builder.go:450.3,451.31 2 0
project/orm/core/query_builder.go:451.31,453.18 2 0
project/orm/core/query_builder.go:453.18,455.5 1 0
project/orm/core/query_builder.go:458.3,458.33 1 0
project/orm/core/query_builder.go:461.2,461.35 1 0
project/orm/core/query_builder.go:461.35,463.3 1 0
project/orm/core/query_builder.go:465.2,465.21 1 0
project/orm/core/repository.go:17.68,18.18 1 1
project/orm/core/repository.go:18.18,20.3 1 1
project/orm/core/repository.go:22.2,22.23 1 1
project/orm/core/repository.go:22.23,24.3 1 1
project/orm/core/repository.go:26.2,30.16 4 1
project/orm/core/repository.go:30.16,32.3 1 1
project/orm/core/repository.go:34.2,34.23 1 0
project/orm/core/repository.go:34.23,36.3 1 0
project/orm/core/repository.go:38.2,38.34 1 0
project/orm/core/repository.go:42.59,43.18 1 1
project/orm/core/repository.go:43.18,45.3 1 1
project/orm/core/repository.go:47.2,47.23 1 1
project/orm/core/repository.go:47.23,49.3 1 1
project/orm/core/repository.go:51.2,53.16 3 1
project/orm/core/repository.go:53.16,55.3 1 1
project/orm/core/repository.go:57.2,58.33 2 0
project/orm/core/repository.go:58.33,60.17 2 0
project/orm/core/repository.go:60.17,62.4 1 0
project/orm/core/repository.go:63.3,63.38 1 0
project/orm/core/repository.go:66.2,66.22 1 0
project/orm/core/repository.go:70.89,71.18 1 1
project/orm/core/repository.go:71.18,73.3 1 0
project/orm/core/repository.go:75.2,75.23 1 1
project/orm/core/repository.go:75.23,77.3 1 0
project/orm/core/repository.go:79.2,81.37 2 1
project/orm/core/repository.go:81.37,83.3 1 1
project/orm/core/repository.go:85.2,86.16 2 1
project/orm/core/repository.go:86.16,88.3 1 1
project/orm/core/repository.go:90.2,91.33 2 0
project/orm/core/repository.go:91.33,93.17 2 0
project/orm/core/repository.go:93.17,95.4 1 0
project/orm/core/repository.go:96.3,96.38 1 0
project/orm/core/repository.go:99.2,99.22 1 0
project/orm/core/repository.go:103.90,104.18 1 1
project/orm/core/repository.go:104.18,106.3 1 0
project/orm/core/repository.go:108.2,108.23 1 1
project/orm/core/repository.go:108.23,110.3 1 0
project/orm/core/repository.go:112.2,114.37 2 1
project/orm/core/repository.go:114.37,116.3 1 1
project/orm/core/repository.go:118.2,119.16 2 1
project/orm/core/repository.go:119.16,121.3 1 1
project/orm/core/repository.go:123.2,123.19 1 0
project/orm/core/repository.go:123.19,125.3 1 0
project/orm/core/repository.go:127.2,127.30 1 0
project/orm/core/repository.go:131.57,132.18 1 1
project/orm/core/repository.go:132.18,134.3 1 1
project/orm/core/repository.go:136.2,136.23 1 1
project/orm/core/repository.go:136.23,138.3 1 1
project/orm/core/repository.go:141.2,142.39 2 1
project/orm/core/repository.go:142.39,144.3 1 1
project/orm/core/repository.go:146.2,147.24 2 1
project/orm/core/repository.go:147.24,149.3 1 0
project/orm/core/repository.go:152.2,152.26 1 1
project/orm/core/repository.go:152.26,154.3 1 1
project/orm/core/repository.go:157.2,157.25 1 0
project/orm/core/repository.go:161.59,162.18 1 1
project/orm/core/repository.go:162.18,164.3 1 1
project/orm/core/repository.go:166.2,166.25 1 1
project/orm/core/repository.go:170.59,171.18 1 1
project/orm/core/repository.go:171.18,173.3 1 1
project/orm/core/repository.go:175.2,175.23 1 1
project/orm/core/repository.go:175.23,177.3 1 1
project/orm/core/repository.go:179.2,180.39 2 1
project/orm/core/repository.go:180.39,182.3 1 1
project/orm/core/repository.go:184.2,185.24 2 1
project/orm/core/repository.go:185.24,187.3 1 0
project/orm/core/repository.go:189.2,193.16 3 1
project/orm/core/repository.go:193.16,195.3 1 0
project/orm/core/repository.go:197.2,197.12 1 1
project/orm/core/repository.go:201.74,202.18 1 1
project/orm/core/repository.go:202.18,204.3 1 0
project/orm/core/repository.go:206.2,206.23 1 1
project/orm/core/repository.go:206.23,208.3 1 0
project/orm/core/repository.go:210.2,213.37 3 1
project/orm/core/repository.go:213.37,216.3 2 1
project/orm/core/repository.go:218.2,222.16 4 1
project/orm/core/repository.go:222.16,224.3 1 0
project/orm/core/repository.go:226.2,226.12 1 1
project/orm/core/repository.go:230.49,231.18 1 1
project/orm/core/repository.go:231.18,233.3 1 1
project/orm/core/repository.go:235.2,235.23 1 1
project/orm/core/repository.go:235.23,237.3 1 1
project/orm/core/repository.go:239.2,240.22 2 1
project/orm/core/repository.go:244.63,245.18 1 1
project/orm/core/repository.go:245.18,247.3 1 1
project/orm/core/repository.go:249.2,249.23 1 1
project/orm/core/repository.go:249.23,251.3 1 1
project/orm/core/repository.go:253.2,256.23 3 1
project/orm/core/repository.go:260.59,262.39 2 1
project/orm/core/repository.go:262.39,264.3 1 1
project/orm/core/repository.go:266.2,270.44 4 1
project/orm/core/repository.go:270.44,272.27 1 1
project/orm/core/repository.go:272.27,273.12 1 1
project/orm/core/repository.go:276.3,277.23 2 1
project/orm/core/repository.go:277.23,278.12 1 1
project/orm/core/repository.go:281.3,283.45 3 0
project/orm/core/repository.go:286.2,292.16 3 1
project/orm/core/repository.go:292.16,294.3 1 0
project/orm/core/repository.go:297.2,297.36 1 1
project/orm/core/repository.go:297.36,299.17 2 0
project/orm/core/repository.go:299.17,301.4 1 0
project/orm/core/repository.go:303.3,304.44 2 0
project/orm/core/repository.go:304.44,306.4 1 0
project/orm/core/repository.go:309.2,309.12 1 1
project/orm/core/repository.go:313.59,314.23 1 1
project/orm/core/repository.go:314.23,316.3 1 1
project/orm/core/repository.go:318.2,319.39 2 1
project/orm/core/repository.go:319.39,321.3 1 1
project/orm/core/repository.go:323.2,326.44 3 1
project/orm/core/repository.go:326.44,328.48 1 1
project/orm/core/repository.go:328.48,329.12 1 1
project/orm/core/repository.go:332.3,333.23 2 1
project/orm/core/repository.go:333.23,334.12 1 1
project/orm/core/repository.go:337.3,338.45 2 0
project/orm/core/repository.go:342.2,343.24 2 1
project/orm/core/repository.go:343.24,345.3 1 0
project/orm/core/repository.go:346.2,354.16 4 1
project/orm/core/repository.go:354.16,356.3 1 0
project/orm/core/repository.go:358.2,358.12 1 1
project/orm/core/repository.go:362.90,363.23 1 0
project/orm/core/repository.go:363.23,365.3 1 0
project/orm/core/repository.go:368.2,371.44 3 0
project/orm/core/repository.go:371.44,373.42 2 0
project/orm/core/repository.go:373.42,374.12 1 0
project/orm/core/repository.go:377.3,378.14 2 0
project/orm/core/repository.go:378.14,379.12 1 0
project/orm/core/repository.go:383.3,383.53 1 0
project/orm/core/repository.go:383.53,385.4 1 0
project/orm/core/repository.go:388.2,388.20 1 0
project/orm/core/repository.go:392.40,393.18 1 1
project/orm/core/repository.go:394.20,395.19 1 0
project/orm/core/repository.go:396.78,397.22 1 1
project/orm/core/repository.go:398.83,399.23 1 0
project/orm/core/repository.go:400.40,401.24 1 0
project/orm/core/repository.go:402.22,403.26 1 0
project/orm/core/repository.go:404.38,405.19 1 0
project/orm/core/repository.go:406.10,407.15 1 0
project/orm/core/repository.go:412.66,413.18 1 0
project/orm/core/repository.go:413.18,416.3 2 0
project/orm/core/repository.go:418.2,422.28 3 0
project/orm/core/repository.go:422.28,425.3 2 0
project/orm/core/repository.go:428.2,428.26 1 0
project/orm/core/repository.go:429.78,430.28 1 0
project/orm/core/repository.go:431.14,432.19 1 0
project/orm/core/repository.go:433.12,434.26 1 0
project/orm/core/repository.go:435.16,436.26 1 0
project/orm/core/repository.go:437.11,438.66 1 0
project/orm/core/repository.go:440.83,441.28 1 0
project/orm/core/repository.go:442.14,443.28 1 0
project/orm/core/repository.go:444.12,445.28 1 0
project/orm/core/repository.go:446.16,447.28 1 0
project/orm/core/repository.go:448.11,449.66 1 0
project/orm/core/repository.go:451.40,452.28 1 0
project/orm/core/repository.go:453.16,454.21 1 0
project/orm/core/repository.go:455.14,456.30 1 0
project/orm/core/repository.go:457.12,458.30 1 0
project/orm/core/repository.go:459.11,460.66 1 0
project/orm/core/repository.go:462.22,463.28 1 0
project/orm/core/repository.go:464.15,465.22 1 0
project/orm/core/repository.go:466.15,467.30 1 0
project/orm/core/repository.go:468.11,469.66 1 0
project/orm/core/repository.go:471.20,472.28 1 0
project/orm/core/repository.go:473.13,474.20 1 0
project/orm/core/repository.go:475.14,476.25 1 0
project/orm/core/repository.go:477.12,478.25 1 0
project/orm/core/repository.go:479.11,480.66 1 0
project/orm/core/repository.go:482.10,483.61 1 0
project/orm/core/repository.go:486.2,486.12 1 0
project/orm/utils/reflect.go:22.46,26.31 3 0
project/orm/utils/reflect.go:26.31,28.3 1 0
project/orm/utils/reflect.go:30.2,30.10 1 0
project/orm/utils/reflect.go:33.49,36.32 2 0
project/orm/utils/reflect.go:36.32,38.3 1 0
project/orm/utils/reflect.go:40.2,40.36 1 0
project/orm/utils/reflect.go:40.36,43.3 2 0
project/orm/utils/reflect.go:45.2,45.15 1 0
project/orm/utils/reflect.go:49.95,53.33 3 0
project/orm/utils/reflect.go:53.33,54.24 1 0
project/orm/utils/reflect.go:54.24,55.21 1 0
project/orm/utils/reflect.go:58.9,60.46 2 0
project/orm/utils/reflect.go:60.46,65.55 3 0
project/orm/utils/reflect.go:65.55,67.14 1 0
project/orm/utils/reflect.go:67.19,69.14 1 0
project/orm/utils/reflect.go:70.15,72.10 1 0
project/orm/utils/reflect.go:75.5,75.13 1 0
project/orm/utils/reflect.go:78.52,81.37 2 0
project/orm/utils/reflect.go:81.37,83.45 2 0
project/orm/utils/reflect.go:83.45,86.67 3 0
project/orm/utils/reflect.go:86.67,88.31 2 0
project/orm/utils/reflect.go:88.31,90.18 1 0
project/orm/utils/reflect.go:94.9,95.83 2 0
project/orm/utils/reflect.go:95.83,97.10 1 0
project/orm/utils/reflect.go:100.5,100.48 1 0
project/orm/utils/reflect.go:104.55,106.12 2 0
project/orm/utils/reflect.go:106.12,108.6 1 0
project/orm/utils/reflect.go:110.5,111.42 2 0
project/orm/utils/reflect.go:111.42,113.6 1 0
project/orm/utils/reflect.go:115.2,115.27 1 0
project/orm/utils/reflect.go:118.72,122.65 3 0
project/orm/utils/reflect.go:122.65,124.6 1 0
project/orm/utils/reflect.go:126.5,126.34 1 0
project/orm/utils/reflect.go:126.34,128.6 1 0
project/orm/utils/reflect.go:130.5,130.36 1 0
project/orm/utils/reflect.go:130.36,132.6 1 0
project/orm/utils/reflect.go:134.5,134.36 1 0
project/orm/utils/reflect.go:134.36,138.46 3 0
project/orm/utils/reflect.go:138.46,143.10 4 0
project/orm/utils/reflect.go:145.9,145.41 1 0
project/orm/utils/reflect.go:148.5,148.18 1 0
project/orm/utils/reflect.go:152.50,155.59 2 0
project/orm/utils/reflect.go:155.59,157.3 1 0
project/orm/utils/reflect.go:159.2,163.32 3 0
project/orm/utils/reflect.go:163.32,165.3 1 0
project/orm/utils/reflect.go:167.2,167.13 1 0
project/orm/utils/reflect.go:170.58,173.2 2 0
project/orm/utils/reflect.go:175.73,178.24 2 0
project/orm/utils/reflect.go:178.24,179.36 1 0
project/orm/utils/reflect.go:179.36,181.4 1 0
project/orm/utils/reflect.go:184.2,184.11 1 0
project/orm/utils/reflect.go:187.78,188.24 1 0
project/orm/utils/reflect.go:188.24,190.25 2 0
project/orm/utils/reflect.go:190.25,192.4 1 0
project/orm/utils/reflect.go:194.2,194.17 1 0
project/repository/entityRepository.go:9.53,12.2 2 0
project/repository/entityRepository.go:14.85,18.26 3 0
project/repository/entityRepository.go:18.26,19.71 1 0
project/repository/entityRepository.go:19.71,21.4 1 0
project/repository/entityRepository.go:24.2,24.15 1 0
project/repository/entityRepository.go:27.86,29.22 2 0
project/repository/entityRepository.go:29.22,31.3 1 0
project/repository/entityRepository.go:32.2,32.12 1 0
project/repository/entityRepository.go:35.83,39.26 3 0
project/repository/entityRepository.go:39.26,41.36 2 0
project/repository/entityRepository.go:41.36,42.54 1 0
project/repository/entityRepository.go:42.54,44.10 2 0
project/repository/entityRepository.go:47.3,47.12 1 0
project/repository/entityRepository.go:47.12,49.4 1 0
project/repository/entityRepository.go:51.2,51.15 1 0
